npm verbose cli /Users/danielperezluna/.nvm/versions/node/v22.19.0/bin/node /Users/danielperezluna/.nvm/versions/node/v22.19.0/bin/npm
npm info using npm@10.9.3
npm info using node@v22.19.0
npm verbose title npm ci
npm verbose argv "ci" "--loglevel" "verbose"
npm verbose logfile logs-max:10 dir:/Users/danielperezluna/.npm/_logs/2026-05-11T09_00_09_308Z-
npm verbose logfile /Users/danielperezluna/.npm/_logs/2026-05-11T09_00_09_308Z-debug-0.log
npm verbose reify failed optional dependency /Users/danielperezluna/projects/personal/tennis-league/node_modules/@tailwindcss/oxide-wasm32-wasi
npm verbose reify failed optional dependency /Users/danielperezluna/projects/personal/tennis-league/node_modules/lightningcss-win32-x64-msvc
npm verbose reify failed optional dependency /Users/danielperezluna/projects/personal/tennis-league/node_modules/lightningcss-win32-arm64-msvc
npm verbose reify failed optional dependency /Users/danielperezluna/projects/personal/tennis-league/node_modules/lightningcss-linux-x64-musl
npm verbose reify failed optional dependency /Users/danielperezluna/projects/personal/tennis-league/node_modules/lightningcss-linux-x64-gnu
npm verbose reify failed optional dependency /Users/danielperezluna/projects/personal/tennis-league/node_modules/lightningcss-linux-arm64-musl
npm verbose reify failed optional dependency /Users/danielperezluna/projects/personal/tennis-league/node_modules/lightningcss-linux-arm64-gnu
npm verbose reify failed optional dependency /Users/danielperezluna/projects/personal/tennis-league/node_modules/lightningcss-linux-arm-gnueabihf
npm verbose reify failed optional dependency /Users/danielperezluna/projects/personal/tennis-league/node_modules/lightningcss-freebsd-x64
npm verbose reify failed optional dependency /Users/danielperezluna/projects/personal/tennis-league/node_modules/lightningcss-darwin-x64
npm verbose reify failed optional dependency /Users/danielperezluna/projects/personal/tennis-league/node_modules/lightningcss-android-arm64
npm verbose reify failed optional dependency /Users/danielperezluna/projects/personal/tennis-league/node_modules/@unrs/resolver-binding-win32-x64-msvc
npm verbose reify failed optional dependency /Users/danielperezluna/projects/personal/tennis-league/node_modules/@unrs/resolver-binding-win32-ia32-msvc
npm verbose reify failed optional dependency /Users/danielperezluna/projects/personal/tennis-league/node_modules/@unrs/resolver-binding-win32-arm64-msvc
npm verbose reify failed optional dependency /Users/danielperezluna/projects/personal/tennis-league/node_modules/@unrs/resolver-binding-wasm32-wasi
npm verbose reify failed optional dependency /Users/danielperezluna/projects/personal/tennis-league/node_modules/@unrs/resolver-binding-linux-x64-musl
npm verbose reify failed optional dependency /Users/danielperezluna/projects/personal/tennis-league/node_modules/@unrs/resolver-binding-linux-x64-gnu
npm verbose reify failed optional dependency /Users/danielperezluna/projects/personal/tennis-league/node_modules/@unrs/resolver-binding-linux-s390x-gnu
npm verbose reify failed optional dependency /Users/danielperezluna/projects/personal/tennis-league/node_modules/@unrs/resolver-binding-linux-riscv64-musl
npm verbose reify failed optional dependency /Users/danielperezluna/projects/personal/tennis-league/node_modules/@unrs/resolver-binding-linux-riscv64-gnu
npm verbose reify failed optional dependency /Users/danielperezluna/projects/personal/tennis-league/node_modules/@unrs/resolver-binding-linux-ppc64-gnu
npm verbose reify failed optional dependency /Users/danielperezluna/projects/personal/tennis-league/node_modules/@unrs/resolver-binding-linux-arm64-musl
npm verbose reify failed optional dependency /Users/danielperezluna/projects/personal/tennis-league/node_modules/@unrs/resolver-binding-linux-arm64-gnu
npm verbose reify failed optional dependency /Users/danielperezluna/projects/personal/tennis-league/node_modules/@unrs/resolver-binding-linux-arm-musleabihf
npm verbose reify failed optional dependency /Users/danielperezluna/projects/personal/tennis-league/node_modules/@unrs/resolver-binding-linux-arm-gnueabihf
npm verbose reify failed optional dependency /Users/danielperezluna/projects/personal/tennis-league/node_modules/@unrs/resolver-binding-freebsd-x64
npm verbose reify failed optional dependency /Users/danielperezluna/projects/personal/tennis-league/node_modules/@unrs/resolver-binding-darwin-x64
npm verbose reify failed optional dependency /Users/danielperezluna/projects/personal/tennis-league/node_modules/@unrs/resolver-binding-android-arm64
npm verbose reify failed optional dependency /Users/danielperezluna/projects/personal/tennis-league/node_modules/@unrs/resolver-binding-android-arm-eabi
npm verbose reify failed optional dependency /Users/danielperezluna/projects/personal/tennis-league/node_modules/@tailwindcss/oxide-win32-x64-msvc
npm verbose reify failed optional dependency /Users/danielperezluna/projects/personal/tennis-league/node_modules/@tailwindcss/oxide-win32-arm64-msvc
npm verbose reify failed optional dependency /Users/danielperezluna/projects/personal/tennis-league/node_modules/@tailwindcss/oxide-linux-x64-musl
npm verbose reify failed optional dependency /Users/danielperezluna/projects/personal/tennis-league/node_modules/@tailwindcss/oxide-linux-x64-gnu
npm verbose reify failed optional dependency /Users/danielperezluna/projects/personal/tennis-league/node_modules/@tailwindcss/oxide-linux-arm64-musl
npm verbose reify failed optional dependency /Users/danielperezluna/projects/personal/tennis-league/node_modules/@tailwindcss/oxide-linux-arm64-gnu
npm verbose reify failed optional dependency /Users/danielperezluna/projects/personal/tennis-league/node_modules/@tailwindcss/oxide-linux-arm-gnueabihf
npm verbose reify failed optional dependency /Users/danielperezluna/projects/personal/tennis-league/node_modules/@tailwindcss/oxide-freebsd-x64
npm verbose reify failed optional dependency /Users/danielperezluna/projects/personal/tennis-league/node_modules/@tailwindcss/oxide-darwin-x64
npm verbose reify failed optional dependency /Users/danielperezluna/projects/personal/tennis-league/node_modules/@tailwindcss/oxide-android-arm64
npm verbose reify failed optional dependency /Users/danielperezluna/projects/personal/tennis-league/node_modules/@next/swc-win32-x64-msvc
npm verbose reify failed optional dependency /Users/danielperezluna/projects/personal/tennis-league/node_modules/@next/swc-win32-arm64-msvc
npm verbose reify failed optional dependency /Users/danielperezluna/projects/personal/tennis-league/node_modules/@next/swc-linux-x64-musl
npm verbose reify failed optional dependency /Users/danielperezluna/projects/personal/tennis-league/node_modules/@next/swc-linux-x64-gnu
npm verbose reify failed optional dependency /Users/danielperezluna/projects/personal/tennis-league/node_modules/@next/swc-linux-arm64-musl
npm verbose reify failed optional dependency /Users/danielperezluna/projects/personal/tennis-league/node_modules/@next/swc-linux-arm64-gnu
npm verbose reify failed optional dependency /Users/danielperezluna/projects/personal/tennis-league/node_modules/@next/swc-darwin-x64
npm verbose reify failed optional dependency /Users/danielperezluna/projects/personal/tennis-league/node_modules/@img/sharp-win32-x64
npm verbose reify failed optional dependency /Users/danielperezluna/projects/personal/tennis-league/node_modules/@img/sharp-win32-ia32
npm verbose reify failed optional dependency /Users/danielperezluna/projects/personal/tennis-league/node_modules/@img/sharp-win32-arm64
npm verbose reify failed optional dependency /Users/danielperezluna/projects/personal/tennis-league/node_modules/@img/sharp-wasm32
npm verbose reify failed optional dependency /Users/danielperezluna/projects/personal/tennis-league/node_modules/@img/sharp-linuxmusl-x64
npm verbose reify failed optional dependency /Users/danielperezluna/projects/personal/tennis-league/node_modules/@img/sharp-linuxmusl-arm64
npm verbose reify failed optional dependency /Users/danielperezluna/projects/personal/tennis-league/node_modules/@img/sharp-linux-x64
npm verbose reify failed optional dependency /Users/danielperezluna/projects/personal/tennis-league/node_modules/@img/sharp-linux-s390x
npm verbose reify failed optional dependency /Users/danielperezluna/projects/personal/tennis-league/node_modules/@img/sharp-linux-riscv64
npm verbose reify failed optional dependency /Users/danielperezluna/projects/personal/tennis-league/node_modules/@img/sharp-linux-ppc64
npm verbose reify failed optional dependency /Users/danielperezluna/projects/personal/tennis-league/node_modules/@img/sharp-linux-arm64
npm verbose reify failed optional dependency /Users/danielperezluna/projects/personal/tennis-league/node_modules/@img/sharp-linux-arm
npm verbose reify failed optional dependency /Users/danielperezluna/projects/personal/tennis-league/node_modules/@img/sharp-libvips-linuxmusl-x64
npm verbose reify failed optional dependency /Users/danielperezluna/projects/personal/tennis-league/node_modules/@img/sharp-libvips-linuxmusl-arm64
npm verbose reify failed optional dependency /Users/danielperezluna/projects/personal/tennis-league/node_modules/@img/sharp-libvips-linux-x64
npm verbose reify failed optional dependency /Users/danielperezluna/projects/personal/tennis-league/node_modules/@img/sharp-libvips-linux-s390x
npm verbose reify failed optional dependency /Users/danielperezluna/projects/personal/tennis-league/node_modules/@img/sharp-libvips-linux-riscv64
npm verbose reify failed optional dependency /Users/danielperezluna/projects/personal/tennis-league/node_modules/@img/sharp-libvips-linux-ppc64
npm verbose reify failed optional dependency /Users/danielperezluna/projects/personal/tennis-league/node_modules/@img/sharp-libvips-linux-arm64
npm verbose reify failed optional dependency /Users/danielperezluna/projects/personal/tennis-league/node_modules/@img/sharp-libvips-linux-arm
npm verbose reify failed optional dependency /Users/danielperezluna/projects/personal/tennis-league/node_modules/@img/sharp-libvips-darwin-x64
npm verbose reify failed optional dependency /Users/danielperezluna/projects/personal/tennis-league/node_modules/@img/sharp-darwin-x64
npm verbose reify failed optional dependency /Users/danielperezluna/projects/personal/tennis-league/node_modules/@esbuild/win32-x64
npm verbose reify failed optional dependency /Users/danielperezluna/projects/personal/tennis-league/node_modules/@esbuild/win32-ia32
npm verbose reify failed optional dependency /Users/danielperezluna/projects/personal/tennis-league/node_modules/@esbuild/win32-arm64
npm verbose reify failed optional dependency /Users/danielperezluna/projects/personal/tennis-league/node_modules/@esbuild/sunos-x64
npm verbose reify failed optional dependency /Users/danielperezluna/projects/personal/tennis-league/node_modules/@esbuild/openharmony-arm64
npm verbose reify failed optional dependency /Users/danielperezluna/projects/personal/tennis-league/node_modules/@esbuild/openbsd-x64
npm verbose reify failed optional dependency /Users/danielperezluna/projects/personal/tennis-league/node_modules/@esbuild/openbsd-arm64
npm verbose reify failed optional dependency /Users/danielperezluna/projects/personal/tennis-league/node_modules/@esbuild/netbsd-x64
npm verbose reify failed optional dependency /Users/danielperezluna/projects/personal/tennis-league/node_modules/@esbuild/netbsd-arm64
npm verbose reify failed optional dependency /Users/danielperezluna/projects/personal/tennis-league/node_modules/@esbuild/linux-x64
npm verbose reify failed optional dependency /Users/danielperezluna/projects/personal/tennis-league/node_modules/@esbuild/linux-s390x
npm verbose reify failed optional dependency /Users/danielperezluna/projects/personal/tennis-league/node_modules/@esbuild/linux-riscv64
npm verbose reify failed optional dependency /Users/danielperezluna/projects/personal/tennis-league/node_modules/@esbuild/linux-ppc64
npm verbose reify failed optional dependency /Users/danielperezluna/projects/personal/tennis-league/node_modules/@esbuild/linux-mips64el
npm verbose reify failed optional dependency /Users/danielperezluna/projects/personal/tennis-league/node_modules/@esbuild/linux-loong64
npm verbose reify failed optional dependency /Users/danielperezluna/projects/personal/tennis-league/node_modules/@esbuild/linux-ia32
npm verbose reify failed optional dependency /Users/danielperezluna/projects/personal/tennis-league/node_modules/@esbuild/linux-arm64
npm verbose reify failed optional dependency /Users/danielperezluna/projects/personal/tennis-league/node_modules/@esbuild/linux-arm
npm verbose reify failed optional dependency /Users/danielperezluna/projects/personal/tennis-league/node_modules/@esbuild/freebsd-x64
npm verbose reify failed optional dependency /Users/danielperezluna/projects/personal/tennis-league/node_modules/@esbuild/freebsd-arm64
npm verbose reify failed optional dependency /Users/danielperezluna/projects/personal/tennis-league/node_modules/@esbuild/darwin-x64
npm verbose reify failed optional dependency /Users/danielperezluna/projects/personal/tennis-league/node_modules/@esbuild/android-x64
npm verbose reify failed optional dependency /Users/danielperezluna/projects/personal/tennis-league/node_modules/@esbuild/android-arm64
npm verbose reify failed optional dependency /Users/danielperezluna/projects/personal/tennis-league/node_modules/@esbuild/android-arm
npm verbose reify failed optional dependency /Users/danielperezluna/projects/personal/tennis-league/node_modules/@esbuild/aix-ppc64
npm http cache zeptomatch@https://repo.atservers.cloud/repository/public-npm/zeptomatch/-/zeptomatch-2.1.0.tgz 0ms (cache hit)
npm http cache zod@https://repo.atservers.cloud/repository/public-npm/zod/-/zod-4.4.3.tgz 0ms (cache hit)
npm http cache yocto-queue@https://repo.atservers.cloud/repository/public-npm/yocto-queue/-/yocto-queue-0.1.0.tgz 0ms (cache hit)
npm http cache xtend@https://repo.atservers.cloud/repository/public-npm/xtend/-/xtend-4.0.2.tgz 0ms (cache hit)
npm http cache zod-validation-error@https://repo.atservers.cloud/repository/public-npm/zod-validation-error/-/zod-validation-error-4.0.2.tgz 0ms (cache hit)
npm http cache yallist@https://repo.atservers.cloud/repository/public-npm/yallist/-/yallist-3.1.1.tgz 0ms (cache hit)
npm http cache word-wrap@https://repo.atservers.cloud/repository/public-npm/word-wrap/-/word-wrap-1.2.5.tgz 0ms (cache hit)
npm http cache which-typed-array@https://repo.atservers.cloud/repository/public-npm/which-typed-array/-/which-typed-array-1.1.20.tgz 0ms (cache hit)
npm http cache which-collection@https://repo.atservers.cloud/repository/public-npm/which-collection/-/which-collection-1.0.2.tgz 0ms (cache hit)
npm http cache wrappy@https://repo.atservers.cloud/repository/public-npm/wrappy/-/wrappy-1.0.2.tgz 0ms (cache hit)
npm http cache which-builtin-type@https://repo.atservers.cloud/repository/public-npm/which-builtin-type/-/which-builtin-type-1.2.1.tgz 0ms (cache hit)
npm http cache util-deprecate@https://repo.atservers.cloud/repository/public-npm/util-deprecate/-/util-deprecate-1.0.2.tgz 0ms (cache hit)
npm http cache which-boxed-primitive@https://repo.atservers.cloud/repository/public-npm/which-boxed-primitive/-/which-boxed-primitive-1.1.1.tgz 0ms (cache hit)
npm http cache valibot@https://repo.atservers.cloud/repository/public-npm/valibot/-/valibot-1.2.0.tgz 0ms (cache hit)
npm http cache undici-types@https://repo.atservers.cloud/repository/public-npm/undici-types/-/undici-types-6.21.0.tgz 0ms (cache hit)
npm http cache update-browserslist-db@https://repo.atservers.cloud/repository/public-npm/update-browserslist-db/-/update-browserslist-db-1.2.3.tgz 0ms (cache hit)
npm http cache unbox-primitive@https://repo.atservers.cloud/repository/public-npm/unbox-primitive/-/unbox-primitive-1.1.0.tgz 0ms (cache hit)
npm http cache typescript-eslint@https://repo.atservers.cloud/repository/public-npm/typescript-eslint/-/typescript-eslint-8.59.1.tgz 0ms (cache hit)
npm http cache typescript@https://repo.atservers.cloud/repository/public-npm/typescript/-/typescript-5.9.3.tgz 0ms (cache hit)
npm http cache unrs-resolver@https://repo.atservers.cloud/repository/public-npm/unrs-resolver/-/unrs-resolver-1.11.1.tgz 0ms (cache hit)
npm http cache which@https://repo.atservers.cloud/repository/public-npm/which/-/which-2.0.2.tgz 0ms (cache hit)
npm http cache typed-array-byte-offset@https://repo.atservers.cloud/repository/public-npm/typed-array-byte-offset/-/typed-array-byte-offset-1.0.4.tgz 0ms (cache hit)
npm http cache typed-array-length@https://repo.atservers.cloud/repository/public-npm/typed-array-length/-/typed-array-length-1.0.7.tgz 0ms (cache hit)
npm http cache uri-js@https://repo.atservers.cloud/repository/public-npm/uri-js/-/uri-js-4.4.1.tgz 0ms (cache hit)
npm http cache typed-array-buffer@https://repo.atservers.cloud/repository/public-npm/typed-array-buffer/-/typed-array-buffer-1.0.3.tgz 0ms (cache hit)
npm http cache type-check@https://repo.atservers.cloud/repository/public-npm/type-check/-/type-check-0.4.0.tgz 0ms (cache hit)
npm http cache tunnel-agent@https://repo.atservers.cloud/repository/public-npm/tunnel-agent/-/tunnel-agent-0.6.0.tgz 0ms (cache hit)
npm http cache typed-array-byte-length@https://repo.atservers.cloud/repository/public-npm/typed-array-byte-length/-/typed-array-byte-length-1.0.3.tgz 0ms (cache hit)
npm http cache tsconfig-paths@https://repo.atservers.cloud/repository/public-npm/tsconfig-paths/-/tsconfig-paths-3.15.0.tgz 0ms (cache hit)
npm http cache ts-api-utils@https://repo.atservers.cloud/repository/public-npm/ts-api-utils/-/ts-api-utils-2.5.0.tgz 0ms (cache hit)
npm http cache tar-fs@https://repo.atservers.cloud/repository/public-npm/tar-fs/-/tar-fs-2.1.4.tgz 0ms (cache hit)
npm http cache tar-stream@https://repo.atservers.cloud/repository/public-npm/tar-stream/-/tar-stream-2.2.0.tgz 0ms (cache hit)
npm http cache tapable@https://repo.atservers.cloud/repository/public-npm/tapable/-/tapable-2.3.3.tgz 0ms (cache hit)
npm http cache supports-preserve-symlinks-flag@https://repo.atservers.cloud/repository/public-npm/supports-preserve-symlinks-flag/-/supports-preserve-symlinks-flag-1.0.0.tgz 0ms (cache hit)
npm http cache tslib@https://repo.atservers.cloud/repository/public-npm/tslib/-/tslib-2.8.1.tgz 0ms (cache hit)
npm http cache tailwindcss@https://repo.atservers.cloud/repository/public-npm/tailwindcss/-/tailwindcss-4.2.4.tgz 0ms (cache hit)
npm http cache to-regex-range@https://repo.atservers.cloud/repository/public-npm/to-regex-range/-/to-regex-range-5.0.1.tgz 0ms (cache hit)
npm http cache styled-jsx@https://repo.atservers.cloud/repository/public-npm/styled-jsx/-/styled-jsx-5.1.6.tgz 0ms (cache hit)
npm http cache supports-color@https://repo.atservers.cloud/repository/public-npm/supports-color/-/supports-color-7.2.0.tgz 0ms (cache hit)
npm http cache tinyglobby@https://repo.atservers.cloud/repository/public-npm/tinyglobby/-/tinyglobby-0.2.16.tgz 0ms (cache hit)
npm http cache strip-json-comments@https://repo.atservers.cloud/repository/public-npm/strip-json-comments/-/strip-json-comments-3.1.1.tgz 0ms (cache hit)
npm http cache string.prototype.trimstart@https://repo.atservers.cloud/repository/public-npm/string.prototype.trimstart/-/string.prototype.trimstart-1.0.8.tgz 0ms (cache hit)
npm http cache strip-bom@https://repo.atservers.cloud/repository/public-npm/strip-bom/-/strip-bom-3.0.0.tgz 0ms (cache hit)
npm http cache string.prototype.trimend@https://repo.atservers.cloud/repository/public-npm/string.prototype.trimend/-/string.prototype.trimend-1.0.9.tgz 0ms (cache hit)
npm http cache string.prototype.repeat@https://repo.atservers.cloud/repository/public-npm/string.prototype.repeat/-/string.prototype.repeat-1.0.0.tgz 0ms (cache hit)
npm http cache string.prototype.trim@https://repo.atservers.cloud/repository/public-npm/string.prototype.trim/-/string.prototype.trim-1.2.10.tgz 0ms (cache hit)
npm http cache string.prototype.matchall@https://repo.atservers.cloud/repository/public-npm/string.prototype.matchall/-/string.prototype.matchall-4.0.12.tgz 0ms (cache hit)
npm http cache tsx@https://repo.atservers.cloud/repository/public-npm/tsx/-/tsx-4.21.0.tgz 0ms (cache hit)
npm http cache string.prototype.includes@https://repo.atservers.cloud/repository/public-npm/string.prototype.includes/-/string.prototype.includes-2.0.1.tgz 0ms (cache hit)
npm http cache stop-iteration-iterator@https://repo.atservers.cloud/repository/public-npm/stop-iteration-iterator/-/stop-iteration-iterator-1.1.0.tgz 0ms (cache hit)
npm http cache std-env@https://repo.atservers.cloud/repository/public-npm/std-env/-/std-env-3.10.0.tgz 1ms (cache hit)
npm http cache sqlstring@https://repo.atservers.cloud/repository/public-npm/sqlstring/-/sqlstring-2.3.3.tgz 0ms (cache hit)
npm http cache source-map-js@https://repo.atservers.cloud/repository/public-npm/source-map-js/-/source-map-js-1.2.1.tgz 0ms (cache hit)
npm http cache simple-get@https://repo.atservers.cloud/repository/public-npm/simple-get/-/simple-get-4.0.1.tgz 0ms (cache hit)
npm http cache split2@https://repo.atservers.cloud/repository/public-npm/split2/-/split2-4.2.0.tgz 0ms (cache hit)
npm http cache simple-concat@https://repo.atservers.cloud/repository/public-npm/simple-concat/-/simple-concat-1.0.1.tgz 0ms (cache hit)
npm http cache string_decoder@https://repo.atservers.cloud/repository/public-npm/string_decoder/-/string_decoder-1.3.0.tgz 0ms (cache hit)
npm http cache signal-exit@https://repo.atservers.cloud/repository/public-npm/signal-exit/-/signal-exit-4.1.0.tgz 0ms (cache hit)
npm http cache stable-hash@https://repo.atservers.cloud/repository/public-npm/stable-hash/-/stable-hash-0.0.5.tgz 0ms (cache hit)
npm http cache side-channel-weakmap@https://repo.atservers.cloud/repository/public-npm/side-channel-weakmap/-/side-channel-weakmap-1.0.2.tgz 0ms (cache hit)
npm http cache side-channel-list@https://repo.atservers.cloud/repository/public-npm/side-channel-list/-/side-channel-list-1.0.1.tgz 0ms (cache hit)
npm http cache shebang-regex@https://repo.atservers.cloud/repository/public-npm/shebang-regex/-/shebang-regex-3.0.0.tgz 0ms (cache hit)
npm http cache shebang-command@https://repo.atservers.cloud/repository/public-npm/shebang-command/-/shebang-command-2.0.0.tgz 0ms (cache hit)
npm http cache side-channel@https://repo.atservers.cloud/repository/public-npm/side-channel/-/side-channel-1.1.0.tgz 0ms (cache hit)
npm http cache sharp@https://repo.atservers.cloud/repository/public-npm/sharp/-/sharp-0.34.5.tgz 0ms (cache hit)
npm http cache set-proto@https://repo.atservers.cloud/repository/public-npm/set-proto/-/set-proto-1.0.0.tgz 0ms (cache hit)
npm http cache semver@https://repo.atservers.cloud/repository/public-npm/semver/-/semver-6.3.1.tgz 0ms (cache hit)
npm http cache seq-queue@https://repo.atservers.cloud/repository/public-npm/seq-queue/-/seq-queue-0.0.5.tgz 0ms (cache hit)
npm http cache set-function-length@https://repo.atservers.cloud/repository/public-npm/set-function-length/-/set-function-length-1.2.2.tgz 0ms (cache hit)
npm http cache set-function-name@https://repo.atservers.cloud/repository/public-npm/set-function-name/-/set-function-name-2.0.2.tgz 0ms (cache hit)
npm http cache side-channel-map@https://repo.atservers.cloud/repository/public-npm/side-channel-map/-/side-channel-map-1.0.1.tgz 0ms (cache hit)
npm http cache safer-buffer@https://repo.atservers.cloud/repository/public-npm/safer-buffer/-/safer-buffer-2.1.2.tgz 0ms (cache hit)
npm http cache safe-buffer@https://repo.atservers.cloud/repository/public-npm/safe-buffer/-/safe-buffer-5.2.1.tgz 0ms (cache hit)
npm http cache safe-regex-test@https://repo.atservers.cloud/repository/public-npm/safe-regex-test/-/safe-regex-test-1.1.0.tgz 0ms (cache hit)
npm http cache scheduler@https://repo.atservers.cloud/repository/public-npm/scheduler/-/scheduler-0.27.0.tgz 0ms (cache hit)
npm http cache run-parallel@https://repo.atservers.cloud/repository/public-npm/run-parallel/-/run-parallel-1.2.0.tgz 0ms (cache hit)
npm http cache safe-push-apply@https://repo.atservers.cloud/repository/public-npm/safe-push-apply/-/safe-push-apply-1.0.0.tgz 0ms (cache hit)
npm http cache safe-array-concat@https://repo.atservers.cloud/repository/public-npm/safe-array-concat/-/safe-array-concat-1.1.4.tgz 0ms (cache hit)
npm http cache resolve@https://repo.atservers.cloud/repository/public-npm/resolve/-/resolve-2.0.0-next.6.tgz 0ms (cache hit)
npm http cache resolve-from@https://repo.atservers.cloud/repository/public-npm/resolve-from/-/resolve-from-4.0.0.tgz 0ms (cache hit)
npm http cache retry@https://repo.atservers.cloud/repository/public-npm/retry/-/retry-0.12.0.tgz 0ms (cache hit)
npm http cache remeda@https://repo.atservers.cloud/repository/public-npm/remeda/-/remeda-2.33.4.tgz 0ms (cache hit)
npm http cache resolve-pkg-maps@https://repo.atservers.cloud/repository/public-npm/resolve-pkg-maps/-/resolve-pkg-maps-1.0.0.tgz 0ms (cache hit)
npm http cache require-from-string@https://repo.atservers.cloud/repository/public-npm/require-from-string/-/require-from-string-2.0.2.tgz 0ms (cache hit)
npm http cache regexp.prototype.flags@https://repo.atservers.cloud/repository/public-npm/regexp.prototype.flags/-/regexp.prototype.flags-1.5.4.tgz 0ms (cache hit)
npm http cache readdirp@https://repo.atservers.cloud/repository/public-npm/readdirp/-/readdirp-5.0.0.tgz 0ms (cache hit)
npm http cache readable-stream@https://repo.atservers.cloud/repository/public-npm/readable-stream/-/readable-stream-3.6.2.tgz 0ms (cache hit)
npm http cache reusify@https://repo.atservers.cloud/repository/public-npm/reusify/-/reusify-1.1.0.tgz 0ms (cache hit)
npm http cache react-dom@https://repo.atservers.cloud/repository/public-npm/react-dom/-/react-dom-19.2.4.tgz 0ms (cache hit)
npm http cache react-is@https://repo.atservers.cloud/repository/public-npm/react-is/-/react-is-16.13.1.tgz 0ms (cache hit)
npm http cache react@https://repo.atservers.cloud/repository/public-npm/react/-/react-19.2.4.tgz 0ms (cache hit)
npm http cache queue-microtask@https://repo.atservers.cloud/repository/public-npm/queue-microtask/-/queue-microtask-1.2.3.tgz 0ms (cache hit)
npm http cache pure-rand@https://repo.atservers.cloud/repository/public-npm/pure-rand/-/pure-rand-6.1.0.tgz 0ms (cache hit)
npm http cache reflect.getprototypeof@https://repo.atservers.cloud/repository/public-npm/reflect.getprototypeof/-/reflect.getprototypeof-1.0.10.tgz 0ms (cache hit)
npm http cache pump@https://repo.atservers.cloud/repository/public-npm/pump/-/pump-3.0.4.tgz 0ms (cache hit)
npm http cache rc@https://repo.atservers.cloud/repository/public-npm/rc/-/rc-1.2.8.tgz 0ms (cache hit)
npm http cache punycode@https://repo.atservers.cloud/repository/public-npm/punycode/-/punycode-2.3.1.tgz 0ms (cache hit)
npm http cache rc9@https://repo.atservers.cloud/repository/public-npm/rc9/-/rc9-3.0.1.tgz 0ms (cache hit)
npm http cache prelude-ls@https://repo.atservers.cloud/repository/public-npm/prelude-ls/-/prelude-ls-1.2.1.tgz 0ms (cache hit)
npm http cache prebuild-install@https://repo.atservers.cloud/repository/public-npm/prebuild-install/-/prebuild-install-7.1.3.tgz 0ms (cache hit)
npm http cache proper-lockfile@https://repo.atservers.cloud/repository/public-npm/proper-lockfile/-/proper-lockfile-4.1.2.tgz 0ms (cache hit)
npm http cache prisma@https://repo.atservers.cloud/repository/public-npm/prisma/-/prisma-7.8.0.tgz 0ms (cache hit)
npm http cache postgres-interval@https://repo.atservers.cloud/repository/public-npm/postgres-interval/-/postgres-interval-1.2.0.tgz 0ms (cache hit)
npm http cache postgres-array@https://repo.atservers.cloud/repository/public-npm/postgres-array/-/postgres-array-3.0.4.tgz 0ms (cache hit)
npm http cache postgres-bytea@https://repo.atservers.cloud/repository/public-npm/postgres-bytea/-/postgres-bytea-1.0.1.tgz 0ms (cache hit)
npm http cache postcss@https://repo.atservers.cloud/repository/public-npm/postcss/-/postcss-8.5.12.tgz 0ms (cache hit)
npm http cache postgres-date@https://repo.atservers.cloud/repository/public-npm/postgres-date/-/postgres-date-1.0.7.tgz 0ms (cache hit)
npm http cache possible-typed-array-names@https://repo.atservers.cloud/repository/public-npm/possible-typed-array-names/-/possible-typed-array-names-1.1.0.tgz 0ms (cache hit)
npm http cache pkg-types@https://repo.atservers.cloud/repository/public-npm/pkg-types/-/pkg-types-2.3.1.tgz 0ms (cache hit)
npm http cache picocolors@https://repo.atservers.cloud/repository/public-npm/picocolors/-/picocolors-1.1.1.tgz 0ms (cache hit)
npm http cache pgpass@https://repo.atservers.cloud/repository/public-npm/pgpass/-/pgpass-1.0.5.tgz 0ms (cache hit)
npm http cache picomatch@https://repo.atservers.cloud/repository/public-npm/picomatch/-/picomatch-2.3.2.tgz 0ms (cache hit)
npm http cache postgres@https://repo.atservers.cloud/repository/public-npm/postgres/-/postgres-3.4.7.tgz 0ms (cache hit)
npm http cache prop-types@https://repo.atservers.cloud/repository/public-npm/prop-types/-/prop-types-15.8.1.tgz 0ms (cache hit)
npm http cache pg-pool@https://repo.atservers.cloud/repository/public-npm/pg-pool/-/pg-pool-3.13.0.tgz 0ms (cache hit)
npm http cache pg-types@https://repo.atservers.cloud/repository/public-npm/pg-types/-/pg-types-2.2.0.tgz 0ms (cache hit)
npm http cache pg-protocol@https://repo.atservers.cloud/repository/public-npm/pg-protocol/-/pg-protocol-1.13.0.tgz 0ms (cache hit)
npm http cache pg-cloudflare@https://repo.atservers.cloud/repository/public-npm/pg-cloudflare/-/pg-cloudflare-1.3.0.tgz 0ms (cache hit)
npm http cache pg-connection-string@https://repo.atservers.cloud/repository/public-npm/pg-connection-string/-/pg-connection-string-2.12.0.tgz 0ms (cache hit)
npm http cache pg-int8@https://repo.atservers.cloud/repository/public-npm/pg-int8/-/pg-int8-1.0.1.tgz 0ms (cache hit)
npm http cache perfect-debounce@https://repo.atservers.cloud/repository/public-npm/perfect-debounce/-/perfect-debounce-2.1.0.tgz 0ms (cache hit)
npm http cache pathe@https://repo.atservers.cloud/repository/public-npm/pathe/-/pathe-2.0.3.tgz 0ms (cache hit)
npm http cache path-key@https://repo.atservers.cloud/repository/public-npm/path-key/-/path-key-3.1.1.tgz 1ms (cache hit)
npm http cache path-exists@https://repo.atservers.cloud/repository/public-npm/path-exists/-/path-exists-4.0.0.tgz 0ms (cache hit)
npm http cache p-locate@https://repo.atservers.cloud/repository/public-npm/p-locate/-/p-locate-5.0.0.tgz 0ms (cache hit)
npm http cache path-parse@https://repo.atservers.cloud/repository/public-npm/path-parse/-/path-parse-1.0.7.tgz 0ms (cache hit)
npm http cache pg@https://repo.atservers.cloud/repository/public-npm/pg/-/pg-8.20.0.tgz 0ms (cache hit)
npm http cache p-limit@https://repo.atservers.cloud/repository/public-npm/p-limit/-/p-limit-3.1.0.tgz 0ms (cache hit)
npm http cache parent-module@https://repo.atservers.cloud/repository/public-npm/parent-module/-/parent-module-1.0.1.tgz 0ms (cache hit)
npm http cache ohash@https://repo.atservers.cloud/repository/public-npm/ohash/-/ohash-2.0.11.tgz 0ms (cache hit)
npm http cache own-keys@https://repo.atservers.cloud/repository/public-npm/own-keys/-/own-keys-1.0.1.tgz 0ms (cache hit)
npm http cache once@https://repo.atservers.cloud/repository/public-npm/once/-/once-1.4.0.tgz 0ms (cache hit)
npm http cache object.values@https://repo.atservers.cloud/repository/public-npm/object.values/-/object.values-1.2.1.tgz 0ms (cache hit)
npm http cache optionator@https://repo.atservers.cloud/repository/public-npm/optionator/-/optionator-0.9.4.tgz 0ms (cache hit)
npm http cache object.entries@https://repo.atservers.cloud/repository/public-npm/object.entries/-/object.entries-1.1.9.tgz 0ms (cache hit)
npm http cache object-keys@https://repo.atservers.cloud/repository/public-npm/object-keys/-/object-keys-1.1.1.tgz 0ms (cache hit)
npm http cache object.groupby@https://repo.atservers.cloud/repository/public-npm/object.groupby/-/object.groupby-1.0.3.tgz 0ms (cache hit)
npm http cache object.fromentries@https://repo.atservers.cloud/repository/public-npm/object.fromentries/-/object.fromentries-2.0.8.tgz 0ms (cache hit)
npm http cache object-inspect@https://repo.atservers.cloud/repository/public-npm/object-inspect/-/object-inspect-1.13.4.tgz 0ms (cache hit)
npm http cache natural-compare@https://repo.atservers.cloud/repository/public-npm/natural-compare/-/natural-compare-1.4.0.tgz 0ms (cache hit)
npm http cache node-releases@https://repo.atservers.cloud/repository/public-npm/node-releases/-/node-releases-2.0.38.tgz 0ms (cache hit)
npm http cache object.assign@https://repo.atservers.cloud/repository/public-npm/object.assign/-/object.assign-4.1.7.tgz 0ms (cache hit)
npm http cache node-abi@https://repo.atservers.cloud/repository/public-npm/node-abi/-/node-abi-3.91.0.tgz 0ms (cache hit)
npm http cache node-exports-info@https://repo.atservers.cloud/repository/public-npm/node-exports-info/-/node-exports-info-1.6.0.tgz 0ms (cache hit)
npm http cache next@https://repo.atservers.cloud/repository/public-npm/next/-/next-16.2.4.tgz 0ms (cache hit)
npm http cache napi-postinstall@https://repo.atservers.cloud/repository/public-npm/napi-postinstall/-/napi-postinstall-0.3.4.tgz 0ms (cache hit)
npm http cache nanoid@https://repo.atservers.cloud/repository/public-npm/nanoid/-/nanoid-3.3.11.tgz 0ms (cache hit)
npm http cache napi-build-utils@https://repo.atservers.cloud/repository/public-npm/napi-build-utils/-/napi-build-utils-2.0.0.tgz 0ms (cache hit)
npm http cache named-placeholders@https://repo.atservers.cloud/repository/public-npm/named-placeholders/-/named-placeholders-1.1.6.tgz 0ms (cache hit)
npm http cache mysql2@https://repo.atservers.cloud/repository/public-npm/mysql2/-/mysql2-3.15.3.tgz 0ms (cache hit)
npm http cache ms@https://repo.atservers.cloud/repository/public-npm/ms/-/ms-2.1.3.tgz 0ms (cache hit)
npm http cache minimist@https://repo.atservers.cloud/repository/public-npm/minimist/-/minimist-1.2.8.tgz 0ms (cache hit)
npm http cache mkdirp-classic@https://repo.atservers.cloud/repository/public-npm/mkdirp-classic/-/mkdirp-classic-0.5.3.tgz 0ms (cache hit)
npm http cache micromatch@https://repo.atservers.cloud/repository/public-npm/micromatch/-/micromatch-4.0.8.tgz 0ms (cache hit)
npm http cache merge2@https://repo.atservers.cloud/repository/public-npm/merge2/-/merge2-1.4.1.tgz 0ms (cache hit)
npm http cache minimatch@https://repo.atservers.cloud/repository/public-npm/minimatch/-/minimatch-3.1.5.tgz 0ms (cache hit)
npm http cache object-assign@https://repo.atservers.cloud/repository/public-npm/object-assign/-/object-assign-4.1.1.tgz 0ms (cache hit)
npm http cache magic-string@https://repo.atservers.cloud/repository/public-npm/magic-string/-/magic-string-0.30.21.tgz 0ms (cache hit)
npm http cache lru.min@https://repo.atservers.cloud/repository/public-npm/lru.min/-/lru.min-1.1.4.tgz 0ms (cache hit)
npm http cache lru-cache@https://repo.atservers.cloud/repository/public-npm/lru-cache/-/lru-cache-5.1.1.tgz 0ms (cache hit)
npm http cache loose-envify@https://repo.atservers.cloud/repository/public-npm/loose-envify/-/loose-envify-1.4.0.tgz 0ms (cache hit)
npm http cache lodash.merge@https://repo.atservers.cloud/repository/public-npm/lodash.merge/-/lodash.merge-4.6.2.tgz 0ms (cache hit)
npm http cache locate-path@https://repo.atservers.cloud/repository/public-npm/locate-path/-/locate-path-6.0.0.tgz 0ms (cache hit)
npm http cache mimic-response@https://repo.atservers.cloud/repository/public-npm/mimic-response/-/mimic-response-3.1.0.tgz 0ms (cache hit)
npm http cache lightningcss-darwin-arm64@https://repo.atservers.cloud/repository/public-npm/lightningcss-darwin-arm64/-/lightningcss-darwin-arm64-1.32.0.tgz 0ms (cache hit)
npm http cache lightningcss@https://repo.atservers.cloud/repository/public-npm/lightningcss/-/lightningcss-1.32.0.tgz 0ms (cache hit)
npm http cache long@https://repo.atservers.cloud/repository/public-npm/long/-/long-5.3.2.tgz 0ms (cache hit)
npm http cache language-tags@https://repo.atservers.cloud/repository/public-npm/language-tags/-/language-tags-1.0.9.tgz 0ms (cache hit)
npm http cache levn@https://repo.atservers.cloud/repository/public-npm/levn/-/levn-0.4.1.tgz 0ms (cache hit)
npm http cache math-intrinsics@https://repo.atservers.cloud/repository/public-npm/math-intrinsics/-/math-intrinsics-1.1.0.tgz 0ms (cache hit)
npm http cache language-subtag-registry@https://repo.atservers.cloud/repository/public-npm/language-subtag-registry/-/language-subtag-registry-0.3.23.tgz 0ms (cache hit)
npm http cache json-stable-stringify-without-jsonify@https://repo.atservers.cloud/repository/public-npm/json-stable-stringify-without-jsonify/-/json-stable-stringify-without-jsonify-1.0.1.tgz 0ms (cache hit)
npm http cache json-schema-traverse@https://repo.atservers.cloud/repository/public-npm/json-schema-traverse/-/json-schema-traverse-0.4.1.tgz 0ms (cache hit)
npm http cache jsx-ast-utils@https://repo.atservers.cloud/repository/public-npm/jsx-ast-utils/-/jsx-ast-utils-3.3.5.tgz 0ms (cache hit)
npm http cache json5@https://repo.atservers.cloud/repository/public-npm/json5/-/json5-2.2.3.tgz 0ms (cache hit)
npm http cache json-schema@https://repo.atservers.cloud/repository/public-npm/json-schema/-/json-schema-0.4.0.tgz 0ms (cache hit)
npm http cache keyv@https://repo.atservers.cloud/repository/public-npm/keyv/-/keyv-4.5.4.tgz 0ms (cache hit)
npm http cache json-buffer@https://repo.atservers.cloud/repository/public-npm/json-buffer/-/json-buffer-3.0.1.tgz 0ms (cache hit)
npm http cache jsesc@https://repo.atservers.cloud/repository/public-npm/jsesc/-/jsesc-3.1.0.tgz 0ms (cache hit)
npm http cache js-tokens@https://repo.atservers.cloud/repository/public-npm/js-tokens/-/js-tokens-4.0.0.tgz 0ms (cache hit)
npm http cache jiti@https://repo.atservers.cloud/repository/public-npm/jiti/-/jiti-2.6.1.tgz 0ms (cache hit)
npm http cache js-yaml@https://repo.atservers.cloud/repository/public-npm/js-yaml/-/js-yaml-4.1.1.tgz 0ms (cache hit)
npm http cache isarray@https://repo.atservers.cloud/repository/public-npm/isarray/-/isarray-2.0.5.tgz 0ms (cache hit)
npm http cache iterator.prototype@https://repo.atservers.cloud/repository/public-npm/iterator.prototype/-/iterator.prototype-1.1.5.tgz 0ms (cache hit)
npm http cache isexe@https://repo.atservers.cloud/repository/public-npm/isexe/-/isexe-2.0.0.tgz 0ms (cache hit)
npm http cache is-weakmap@https://repo.atservers.cloud/repository/public-npm/is-weakmap/-/is-weakmap-2.0.2.tgz 0ms (cache hit)
npm http cache is-typed-array@https://repo.atservers.cloud/repository/public-npm/is-typed-array/-/is-typed-array-1.1.15.tgz 0ms (cache hit)
npm http cache is-string@https://repo.atservers.cloud/repository/public-npm/is-string/-/is-string-1.1.1.tgz 0ms (cache hit)
npm http cache is-weakset@https://repo.atservers.cloud/repository/public-npm/is-weakset/-/is-weakset-2.0.4.tgz 0ms (cache hit)
npm http cache is-symbol@https://repo.atservers.cloud/repository/public-npm/is-symbol/-/is-symbol-1.1.1.tgz 0ms (cache hit)
npm http cache is-set@https://repo.atservers.cloud/repository/public-npm/is-set/-/is-set-2.0.3.tgz 0ms (cache hit)
npm http cache is-property@https://repo.atservers.cloud/repository/public-npm/is-property/-/is-property-1.0.2.tgz 0ms (cache hit)
npm http cache is-weakref@https://repo.atservers.cloud/repository/public-npm/is-weakref/-/is-weakref-1.1.1.tgz 0ms (cache hit)
npm http cache is-regex@https://repo.atservers.cloud/repository/public-npm/is-regex/-/is-regex-1.2.1.tgz 0ms (cache hit)
npm http cache is-number-object@https://repo.atservers.cloud/repository/public-npm/is-number-object/-/is-number-object-1.1.1.tgz 0ms (cache hit)
npm http cache is-shared-array-buffer@https://repo.atservers.cloud/repository/public-npm/is-shared-array-buffer/-/is-shared-array-buffer-1.0.4.tgz 0ms (cache hit)
npm http cache is-number@https://repo.atservers.cloud/repository/public-npm/is-number/-/is-number-7.0.0.tgz 0ms (cache hit)
npm http cache is-map@https://repo.atservers.cloud/repository/public-npm/is-map/-/is-map-2.0.3.tgz 0ms (cache hit)
npm http cache is-glob@https://repo.atservers.cloud/repository/public-npm/is-glob/-/is-glob-4.0.3.tgz 0ms (cache hit)
npm http cache is-date-object@https://repo.atservers.cloud/repository/public-npm/is-date-object/-/is-date-object-1.1.0.tgz 0ms (cache hit)
npm http cache is-negative-zero@https://repo.atservers.cloud/repository/public-npm/is-negative-zero/-/is-negative-zero-2.0.3.tgz 0ms (cache hit)
npm http cache is-extglob@https://repo.atservers.cloud/repository/public-npm/is-extglob/-/is-extglob-2.1.1.tgz 0ms (cache hit)
npm http cache is-data-view@https://repo.atservers.cloud/repository/public-npm/is-data-view/-/is-data-view-1.0.2.tgz 0ms (cache hit)
npm http cache is-generator-function@https://repo.atservers.cloud/repository/public-npm/is-generator-function/-/is-generator-function-1.1.2.tgz 0ms (cache hit)
npm http cache is-finalizationregistry@https://repo.atservers.cloud/repository/public-npm/is-finalizationregistry/-/is-finalizationregistry-1.1.1.tgz 0ms (cache hit)
npm http cache is-bun-module@https://repo.atservers.cloud/repository/public-npm/is-bun-module/-/is-bun-module-2.0.0.tgz 0ms (cache hit)
npm http cache is-callable@https://repo.atservers.cloud/repository/public-npm/is-callable/-/is-callable-1.2.7.tgz 0ms (cache hit)
npm http cache is-boolean-object@https://repo.atservers.cloud/repository/public-npm/is-boolean-object/-/is-boolean-object-1.2.2.tgz 0ms (cache hit)
npm http cache is-bigint@https://repo.atservers.cloud/repository/public-npm/is-bigint/-/is-bigint-1.1.0.tgz 0ms (cache hit)
npm http cache is-core-module@https://repo.atservers.cloud/repository/public-npm/is-core-module/-/is-core-module-2.16.1.tgz 0ms (cache hit)
npm http cache is-async-function@https://repo.atservers.cloud/repository/public-npm/is-async-function/-/is-async-function-2.1.1.tgz 0ms (cache hit)
npm http cache is-array-buffer@https://repo.atservers.cloud/repository/public-npm/is-array-buffer/-/is-array-buffer-3.0.5.tgz 0ms (cache hit)
npm http cache ini@https://repo.atservers.cloud/repository/public-npm/ini/-/ini-1.3.8.tgz 0ms (cache hit)
npm http cache imurmurhash@https://repo.atservers.cloud/repository/public-npm/imurmurhash/-/imurmurhash-0.1.4.tgz 0ms (cache hit)
npm http cache internal-slot@https://repo.atservers.cloud/repository/public-npm/internal-slot/-/internal-slot-1.1.0.tgz 0ms (cache hit)
npm http cache inherits@https://repo.atservers.cloud/repository/public-npm/inherits/-/inherits-2.0.4.tgz 0ms (cache hit)
npm http cache ignore@https://repo.atservers.cloud/repository/public-npm/ignore/-/ignore-5.3.2.tgz 0ms (cache hit)
npm http cache http-status-codes@https://repo.atservers.cloud/repository/public-npm/http-status-codes/-/http-status-codes-2.3.0.tgz 0ms (cache hit)
npm http cache import-fresh@https://repo.atservers.cloud/repository/public-npm/import-fresh/-/import-fresh-3.3.1.tgz 0ms (cache hit)
npm http cache hono@https://repo.atservers.cloud/repository/public-npm/hono/-/hono-4.12.16.tgz 0ms (cache hit)
npm http cache hermes-parser@https://repo.atservers.cloud/repository/public-npm/hermes-parser/-/hermes-parser-0.25.1.tgz 0ms (cache hit)
npm http cache hasown@https://repo.atservers.cloud/repository/public-npm/hasown/-/hasown-2.0.3.tgz 0ms (cache hit)
npm http cache iconv-lite@https://repo.atservers.cloud/repository/public-npm/iconv-lite/-/iconv-lite-0.7.2.tgz 0ms (cache hit)
npm http cache has-symbols@https://repo.atservers.cloud/repository/public-npm/has-symbols/-/has-symbols-1.1.0.tgz 0ms (cache hit)
npm http cache hermes-estree@https://repo.atservers.cloud/repository/public-npm/hermes-estree/-/hermes-estree-0.25.1.tgz 0ms (cache hit)
npm http cache has-property-descriptors@https://repo.atservers.cloud/repository/public-npm/has-property-descriptors/-/has-property-descriptors-1.0.2.tgz 0ms (cache hit)
npm http cache ieee754@https://repo.atservers.cloud/repository/public-npm/ieee754/-/ieee754-1.2.1.tgz 0ms (cache hit)
npm http cache has-bigints@https://repo.atservers.cloud/repository/public-npm/has-bigints/-/has-bigints-1.1.0.tgz 1ms (cache hit)
npm http cache has-flag@https://repo.atservers.cloud/repository/public-npm/has-flag/-/has-flag-4.0.0.tgz 0ms (cache hit)
npm http cache has-tostringtag@https://repo.atservers.cloud/repository/public-npm/has-tostringtag/-/has-tostringtag-1.0.2.tgz 0ms (cache hit)
npm http cache has-proto@https://repo.atservers.cloud/repository/public-npm/has-proto/-/has-proto-1.2.0.tgz 0ms (cache hit)
npm http cache gopd@https://repo.atservers.cloud/repository/public-npm/gopd/-/gopd-1.2.0.tgz 0ms (cache hit)
npm http cache grammex@https://repo.atservers.cloud/repository/public-npm/grammex/-/grammex-3.1.12.tgz 0ms (cache hit)
npm http cache graphmatch@https://repo.atservers.cloud/repository/public-npm/graphmatch/-/graphmatch-1.1.1.tgz 0ms (cache hit)
npm http cache globalthis@https://repo.atservers.cloud/repository/public-npm/globalthis/-/globalthis-1.0.4.tgz 0ms (cache hit)
npm http cache globals@https://repo.atservers.cloud/repository/public-npm/globals/-/globals-14.0.0.tgz 0ms (cache hit)
npm http cache graceful-fs@https://repo.atservers.cloud/repository/public-npm/graceful-fs/-/graceful-fs-4.2.11.tgz 0ms (cache hit)
npm http cache giget@https://repo.atservers.cloud/repository/public-npm/giget/-/giget-3.2.0.tgz 0ms (cache hit)
npm http cache get-tsconfig@https://repo.atservers.cloud/repository/public-npm/get-tsconfig/-/get-tsconfig-4.14.0.tgz 0ms (cache hit)
npm http cache github-from-package@https://repo.atservers.cloud/repository/public-npm/github-from-package/-/github-from-package-0.0.0.tgz 0ms (cache hit)
npm http cache get-symbol-description@https://repo.atservers.cloud/repository/public-npm/get-symbol-description/-/get-symbol-description-1.1.0.tgz 0ms (cache hit)
npm http cache get-proto@https://repo.atservers.cloud/repository/public-npm/get-proto/-/get-proto-1.0.1.tgz 0ms (cache hit)
npm http cache generator-function@https://repo.atservers.cloud/repository/public-npm/generator-function/-/generator-function-2.0.1.tgz 0ms (cache hit)
npm http cache glob-parent@https://repo.atservers.cloud/repository/public-npm/glob-parent/-/glob-parent-6.0.2.tgz 0ms (cache hit)
npm http cache generate-function@https://repo.atservers.cloud/repository/public-npm/generate-function/-/generate-function-2.3.1.tgz 0ms (cache hit)
npm http cache functions-have-names@https://repo.atservers.cloud/repository/public-npm/functions-have-names/-/functions-have-names-1.2.3.tgz 0ms (cache hit)
npm http cache get-intrinsic@https://repo.atservers.cloud/repository/public-npm/get-intrinsic/-/get-intrinsic-1.3.0.tgz 0ms (cache hit)
npm http cache gensync@https://repo.atservers.cloud/repository/public-npm/gensync/-/gensync-1.0.0-beta.2.tgz 0ms (cache hit)
npm http cache get-port-please@https://repo.atservers.cloud/repository/public-npm/get-port-please/-/get-port-please-3.2.0.tgz 0ms (cache hit)
npm http cache fsevents@https://repo.atservers.cloud/repository/public-npm/fsevents/-/fsevents-2.3.3.tgz 0ms (cache hit)
npm http cache fs-constants@https://repo.atservers.cloud/repository/public-npm/fs-constants/-/fs-constants-1.0.0.tgz 0ms (cache hit)
npm http cache function.prototype.name@https://repo.atservers.cloud/repository/public-npm/function.prototype.name/-/function.prototype.name-1.1.8.tgz 0ms (cache hit)
npm http cache foreground-child@https://repo.atservers.cloud/repository/public-npm/foreground-child/-/foreground-child-3.3.1.tgz 0ms (cache hit)
npm http cache flatted@https://repo.atservers.cloud/repository/public-npm/flatted/-/flatted-3.4.2.tgz 0ms (cache hit)
npm http cache find-up@https://repo.atservers.cloud/repository/public-npm/find-up/-/find-up-5.0.0.tgz 0ms (cache hit)
npm http cache file-uri-to-path@https://repo.atservers.cloud/repository/public-npm/file-uri-to-path/-/file-uri-to-path-1.0.0.tgz 0ms (cache hit)
npm http cache for-each@https://repo.atservers.cloud/repository/public-npm/for-each/-/for-each-0.3.5.tgz 0ms (cache hit)
npm http cache flat-cache@https://repo.atservers.cloud/repository/public-npm/flat-cache/-/flat-cache-4.0.1.tgz 0ms (cache hit)
npm http cache function-bind@https://repo.atservers.cloud/repository/public-npm/function-bind/-/function-bind-1.1.2.tgz 0ms (cache hit)
npm http cache file-entry-cache@https://repo.atservers.cloud/repository/public-npm/file-entry-cache/-/file-entry-cache-8.0.0.tgz 0ms (cache hit)
npm http cache fill-range@https://repo.atservers.cloud/repository/public-npm/fill-range/-/fill-range-7.1.1.tgz 0ms (cache hit)
npm http cache fastq@https://repo.atservers.cloud/repository/public-npm/fastq/-/fastq-1.20.1.tgz 0ms (cache hit)
npm http cache fast-json-stable-stringify@https://repo.atservers.cloud/repository/public-npm/fast-json-stable-stringify/-/fast-json-stable-stringify-2.1.0.tgz 0ms (cache hit)
npm http cache fast-check@https://repo.atservers.cloud/repository/public-npm/fast-check/-/fast-check-3.23.2.tgz 0ms (cache hit)
npm http cache fast-uri@https://repo.atservers.cloud/repository/public-npm/fast-uri/-/fast-uri-3.1.0.tgz 0ms (cache hit)
npm http cache fast-deep-equal@https://repo.atservers.cloud/repository/public-npm/fast-deep-equal/-/fast-deep-equal-3.1.3.tgz 0ms (cache hit)
npm http cache fast-levenshtein@https://repo.atservers.cloud/repository/public-npm/fast-levenshtein/-/fast-levenshtein-2.0.6.tgz 0ms (cache hit)
npm http cache expand-template@https://repo.atservers.cloud/repository/public-npm/expand-template/-/expand-template-2.0.3.tgz 0ms (cache hit)
npm http cache esutils@https://repo.atservers.cloud/repository/public-npm/esutils/-/esutils-2.0.3.tgz 0ms (cache hit)
npm http cache fast-glob@https://repo.atservers.cloud/repository/public-npm/fast-glob/-/fast-glob-3.3.1.tgz 0ms (cache hit)
npm http cache estraverse@https://repo.atservers.cloud/repository/public-npm/estraverse/-/estraverse-5.3.0.tgz 0ms (cache hit)
npm http cache eslint-visitor-keys@https://repo.atservers.cloud/repository/public-npm/eslint-visitor-keys/-/eslint-visitor-keys-4.2.1.tgz 0ms (cache hit)
npm http cache espree@https://repo.atservers.cloud/repository/public-npm/espree/-/espree-10.4.0.tgz 0ms (cache hit)
npm http cache esrecurse@https://repo.atservers.cloud/repository/public-npm/esrecurse/-/esrecurse-4.3.0.tgz 0ms (cache hit)
npm http cache exsolve@https://repo.atservers.cloud/repository/public-npm/exsolve/-/exsolve-1.0.8.tgz 0ms (cache hit)
npm http cache eslint-plugin-react-hooks@https://repo.atservers.cloud/repository/public-npm/eslint-plugin-react-hooks/-/eslint-plugin-react-hooks-7.1.1.tgz 0ms (cache hit)
npm http cache eslint-scope@https://repo.atservers.cloud/repository/public-npm/eslint-scope/-/eslint-scope-8.4.0.tgz 0ms (cache hit)
npm http cache eslint-plugin-react@https://repo.atservers.cloud/repository/public-npm/eslint-plugin-react/-/eslint-plugin-react-7.37.5.tgz 0ms (cache hit)
npm http cache eslint-plugin-import@https://repo.atservers.cloud/repository/public-npm/eslint-plugin-import/-/eslint-plugin-import-2.32.0.tgz 0ms (cache hit)
npm http cache esquery@https://repo.atservers.cloud/repository/public-npm/esquery/-/esquery-1.7.0.tgz 0ms (cache hit)
npm http cache eslint-module-utils@https://repo.atservers.cloud/repository/public-npm/eslint-module-utils/-/eslint-module-utils-2.12.1.tgz 0ms (cache hit)
npm http cache eslint-import-resolver-typescript@https://repo.atservers.cloud/repository/public-npm/eslint-import-resolver-typescript/-/eslint-import-resolver-typescript-3.10.1.tgz 0ms (cache hit)
npm http cache eslint-import-resolver-node@https://repo.atservers.cloud/repository/public-npm/eslint-import-resolver-node/-/eslint-import-resolver-node-0.3.10.tgz 0ms (cache hit)
npm http cache escape-string-regexp@https://repo.atservers.cloud/repository/public-npm/escape-string-regexp/-/escape-string-regexp-4.0.0.tgz 0ms (cache hit)
npm http cache eslint-config-next@https://repo.atservers.cloud/repository/public-npm/eslint-config-next/-/eslint-config-next-16.2.4.tgz 0ms (cache hit)
npm http cache escalade@https://repo.atservers.cloud/repository/public-npm/escalade/-/escalade-3.2.0.tgz 0ms (cache hit)
npm http cache es-to-primitive@https://repo.atservers.cloud/repository/public-npm/es-to-primitive/-/es-to-primitive-1.3.0.tgz 0ms (cache hit)
npm http cache eslint-plugin-jsx-a11y@https://repo.atservers.cloud/repository/public-npm/eslint-plugin-jsx-a11y/-/eslint-plugin-jsx-a11y-6.10.2.tgz 0ms (cache hit)
npm http cache es-object-atoms@https://repo.atservers.cloud/repository/public-npm/es-object-atoms/-/es-object-atoms-1.1.1.tgz 0ms (cache hit)
npm http cache eventsource-parser@https://repo.atservers.cloud/repository/public-npm/eventsource-parser/-/eventsource-parser-3.0.8.tgz 0ms (cache hit)
npm http cache eslint@https://repo.atservers.cloud/repository/public-npm/eslint/-/eslint-9.39.4.tgz 0ms (cache hit)
npm http cache es-shim-unscopables@https://repo.atservers.cloud/repository/public-npm/es-shim-unscopables/-/es-shim-unscopables-1.1.0.tgz 0ms (cache hit)
npm http cache es-define-property@https://repo.atservers.cloud/repository/public-npm/es-define-property/-/es-define-property-1.0.1.tgz 0ms (cache hit)
npm http cache esbuild@https://repo.atservers.cloud/repository/public-npm/esbuild/-/esbuild-0.27.7.tgz 0ms (cache hit)
npm http cache es-iterator-helpers@https://repo.atservers.cloud/repository/public-npm/es-iterator-helpers/-/es-iterator-helpers-1.3.2.tgz 0ms (cache hit)
npm http cache es-abstract@https://repo.atservers.cloud/repository/public-npm/es-abstract/-/es-abstract-1.24.2.tgz 0ms (cache hit)
npm http cache es-errors@https://repo.atservers.cloud/repository/public-npm/es-errors/-/es-errors-1.3.0.tgz 0ms (cache hit)
npm http cache es-set-tostringtag@https://repo.atservers.cloud/repository/public-npm/es-set-tostringtag/-/es-set-tostringtag-2.1.0.tgz 0ms (cache hit)
npm http cache empathic@https://repo.atservers.cloud/repository/public-npm/empathic/-/empathic-2.0.0.tgz 0ms (cache hit)
npm http cache enhanced-resolve@https://repo.atservers.cloud/repository/public-npm/enhanced-resolve/-/enhanced-resolve-5.21.0.tgz 0ms (cache hit)
npm http cache env-paths@https://repo.atservers.cloud/repository/public-npm/env-paths/-/env-paths-3.0.0.tgz 0ms (cache hit)
npm http cache emoji-regex@https://repo.atservers.cloud/repository/public-npm/emoji-regex/-/emoji-regex-9.2.2.tgz 0ms (cache hit)
npm http cache effect@https://repo.atservers.cloud/repository/public-npm/effect/-/effect-3.20.0.tgz 0ms (cache hit)
npm http cache electron-to-chromium@https://repo.atservers.cloud/repository/public-npm/electron-to-chromium/-/electron-to-chromium-1.5.345.tgz 0ms (cache hit)
npm http cache dunder-proto@https://repo.atservers.cloud/repository/public-npm/dunder-proto/-/dunder-proto-1.0.1.tgz 0ms (cache hit)
npm http cache destr@https://repo.atservers.cloud/repository/public-npm/destr/-/destr-2.0.5.tgz 0ms (cache hit)
npm http cache detect-libc@https://repo.atservers.cloud/repository/public-npm/detect-libc/-/detect-libc-2.1.2.tgz 0ms (cache hit)
npm http cache defu@https://repo.atservers.cloud/repository/public-npm/defu/-/defu-6.1.7.tgz 0ms (cache hit)
npm http cache end-of-stream@https://repo.atservers.cloud/repository/public-npm/end-of-stream/-/end-of-stream-1.4.5.tgz 0ms (cache hit)
npm http cache define-properties@https://repo.atservers.cloud/repository/public-npm/define-properties/-/define-properties-1.2.1.tgz 0ms (cache hit)
npm http cache doctrine@https://repo.atservers.cloud/repository/public-npm/doctrine/-/doctrine-2.1.0.tgz 0ms (cache hit)
npm http cache dotenv@https://repo.atservers.cloud/repository/public-npm/dotenv/-/dotenv-17.4.2.tgz 0ms (cache hit)
npm http cache define-data-property@https://repo.atservers.cloud/repository/public-npm/define-data-property/-/define-data-property-1.1.4.tgz 0ms (cache hit)
npm http cache denque@https://repo.atservers.cloud/repository/public-npm/denque/-/denque-2.1.0.tgz 0ms (cache hit)
npm http cache deep-extend@https://repo.atservers.cloud/repository/public-npm/deep-extend/-/deep-extend-0.6.0.tgz 0ms (cache hit)
npm http cache decompress-response@https://repo.atservers.cloud/repository/public-npm/decompress-response/-/decompress-response-6.0.0.tgz 0ms (cache hit)
npm http cache deep-is@https://repo.atservers.cloud/repository/public-npm/deep-is/-/deep-is-0.1.4.tgz 0ms (cache hit)
npm http cache data-view-byte-offset@https://repo.atservers.cloud/repository/public-npm/data-view-byte-offset/-/data-view-byte-offset-1.0.1.tgz 0ms (cache hit)
npm http cache deepmerge-ts@https://repo.atservers.cloud/repository/public-npm/deepmerge-ts/-/deepmerge-ts-7.1.5.tgz 0ms (cache hit)
npm http cache debug@https://repo.atservers.cloud/repository/public-npm/debug/-/debug-4.4.3.tgz 0ms (cache hit)
npm http cache data-view-buffer@https://repo.atservers.cloud/repository/public-npm/data-view-buffer/-/data-view-buffer-1.0.2.tgz 0ms (cache hit)
npm http cache cross-spawn@https://repo.atservers.cloud/repository/public-npm/cross-spawn/-/cross-spawn-7.0.6.tgz 0ms (cache hit)
npm http cache convert-source-map@https://repo.atservers.cloud/repository/public-npm/convert-source-map/-/convert-source-map-2.0.0.tgz 0ms (cache hit)
npm http cache damerau-levenshtein@https://repo.atservers.cloud/repository/public-npm/damerau-levenshtein/-/damerau-levenshtein-1.0.8.tgz 0ms (cache hit)
npm http cache csstype@https://repo.atservers.cloud/repository/public-npm/csstype/-/csstype-3.2.3.tgz 0ms (cache hit)
npm http cache concat-map@https://repo.atservers.cloud/repository/public-npm/concat-map/-/concat-map-0.0.1.tgz 0ms (cache hit)
npm http cache color-name@https://repo.atservers.cloud/repository/public-npm/color-name/-/color-name-1.1.4.tgz 0ms (cache hit)
npm http cache data-view-byte-length@https://repo.atservers.cloud/repository/public-npm/data-view-byte-length/-/data-view-byte-length-1.0.2.tgz 0ms (cache hit)
npm http cache confbox@https://repo.atservers.cloud/repository/public-npm/confbox/-/confbox-0.2.4.tgz 0ms (cache hit)
npm http cache color-convert@https://repo.atservers.cloud/repository/public-npm/color-convert/-/color-convert-2.0.1.tgz 0ms (cache hit)
npm http cache client-only@https://repo.atservers.cloud/repository/public-npm/client-only/-/client-only-0.0.1.tgz 0ms (cache hit)
npm http cache chart.js@https://repo.atservers.cloud/repository/public-npm/chart.js/-/chart.js-4.5.1.tgz 0ms (cache hit)
npm http cache callsites@https://repo.atservers.cloud/repository/public-npm/callsites/-/callsites-3.1.0.tgz 0ms (cache hit)
npm http cache chokidar@https://repo.atservers.cloud/repository/public-npm/chokidar/-/chokidar-5.0.0.tgz 0ms (cache hit)
npm http cache caniuse-lite@https://repo.atservers.cloud/repository/public-npm/caniuse-lite/-/caniuse-lite-1.0.30001791.tgz 0ms (cache hit)
npm http cache call-bound@https://repo.atservers.cloud/repository/public-npm/call-bound/-/call-bound-1.0.4.tgz 0ms (cache hit)
npm http cache chalk@https://repo.atservers.cloud/repository/public-npm/chalk/-/chalk-4.1.2.tgz 0ms (cache hit)
npm http cache c12@https://repo.atservers.cloud/repository/public-npm/c12/-/c12-3.3.4.tgz 0ms (cache hit)
npm http cache call-bind-apply-helpers@https://repo.atservers.cloud/repository/public-npm/call-bind-apply-helpers/-/call-bind-apply-helpers-1.0.2.tgz 0ms (cache hit)
npm http cache browserslist@https://repo.atservers.cloud/repository/public-npm/browserslist/-/browserslist-4.28.2.tgz 0ms (cache hit)
npm http cache braces@https://repo.atservers.cloud/repository/public-npm/braces/-/braces-3.0.3.tgz 0ms (cache hit)
npm http cache call-bind@https://repo.atservers.cloud/repository/public-npm/call-bind/-/call-bind-1.0.9.tgz 0ms (cache hit)
npm http cache buffer@https://repo.atservers.cloud/repository/public-npm/buffer/-/buffer-5.7.1.tgz 0ms (cache hit)
npm http cache brace-expansion@https://repo.atservers.cloud/repository/public-npm/brace-expansion/-/brace-expansion-1.1.14.tgz 0ms (cache hit)
npm http cache bl@https://repo.atservers.cloud/repository/public-npm/bl/-/bl-4.1.0.tgz 0ms (cache hit)
npm http cache chownr@https://repo.atservers.cloud/repository/public-npm/chownr/-/chownr-1.1.4.tgz 0ms (cache hit)
npm http cache bindings@https://repo.atservers.cloud/repository/public-npm/bindings/-/bindings-1.5.0.tgz 0ms (cache hit)
npm http cache better-sqlite3@https://repo.atservers.cloud/repository/public-npm/better-sqlite3/-/better-sqlite3-12.9.0.tgz 0ms (cache hit)
npm http cache baseline-browser-mapping@https://repo.atservers.cloud/repository/public-npm/baseline-browser-mapping/-/baseline-browser-mapping-2.10.24.tgz 0ms (cache hit)
npm http cache axobject-query@https://repo.atservers.cloud/repository/public-npm/axobject-query/-/axobject-query-4.1.0.tgz 0ms (cache hit)
npm http cache better-result@https://repo.atservers.cloud/repository/public-npm/better-result/-/better-result-2.9.0.tgz 0ms (cache hit)
npm http cache bcryptjs@https://repo.atservers.cloud/repository/public-npm/bcryptjs/-/bcryptjs-3.0.3.tgz 0ms (cache hit)
npm http cache base64-js@https://repo.atservers.cloud/repository/public-npm/base64-js/-/base64-js-1.5.1.tgz 0ms (cache hit)
npm http cache ast-types-flow@https://repo.atservers.cloud/repository/public-npm/ast-types-flow/-/ast-types-flow-0.0.8.tgz 0ms (cache hit)
npm http cache balanced-match@https://repo.atservers.cloud/repository/public-npm/balanced-match/-/balanced-match-1.0.2.tgz 0ms (cache hit)
npm http cache array.prototype.tosorted@https://repo.atservers.cloud/repository/public-npm/array.prototype.tosorted/-/array.prototype.tosorted-1.1.4.tgz 0ms (cache hit)
npm http cache arraybuffer.prototype.slice@https://repo.atservers.cloud/repository/public-npm/arraybuffer.prototype.slice/-/arraybuffer.prototype.slice-1.0.4.tgz 0ms (cache hit)
npm http cache async-function@https://repo.atservers.cloud/repository/public-npm/async-function/-/async-function-1.0.0.tgz 0ms (cache hit)
npm http cache array.prototype.findlast@https://repo.atservers.cloud/repository/public-npm/array.prototype.findlast/-/array.prototype.findlast-1.2.5.tgz 0ms (cache hit)
npm http cache axe-core@https://repo.atservers.cloud/repository/public-npm/axe-core/-/axe-core-4.11.4.tgz 0ms (cache hit)
npm http cache available-typed-arrays@https://repo.atservers.cloud/repository/public-npm/available-typed-arrays/-/available-typed-arrays-1.0.7.tgz 0ms (cache hit)
npm http cache aws-ssl-profiles@https://repo.atservers.cloud/repository/public-npm/aws-ssl-profiles/-/aws-ssl-profiles-1.1.2.tgz 0ms (cache hit)
npm http cache array.prototype.findlastindex@https://repo.atservers.cloud/repository/public-npm/array.prototype.findlastindex/-/array.prototype.findlastindex-1.2.6.tgz 0ms (cache hit)
npm http cache array.prototype.flat@https://repo.atservers.cloud/repository/public-npm/array.prototype.flat/-/array.prototype.flat-1.3.3.tgz 0ms (cache hit)
npm http cache array-buffer-byte-length@https://repo.atservers.cloud/repository/public-npm/array-buffer-byte-length/-/array-buffer-byte-length-1.0.2.tgz 0ms (cache hit)
npm http cache ansi-styles@https://repo.atservers.cloud/repository/public-npm/ansi-styles/-/ansi-styles-4.3.0.tgz 0ms (cache hit)
npm http cache aria-query@https://repo.atservers.cloud/repository/public-npm/aria-query/-/aria-query-5.3.2.tgz 0ms (cache hit)
npm http cache acorn-jsx@https://repo.atservers.cloud/repository/public-npm/acorn-jsx/-/acorn-jsx-5.3.2.tgz 0ms (cache hit)
npm http cache ai@https://repo.atservers.cloud/repository/public-npm/ai/-/ai-6.0.175.tgz 0ms (cache hit)
npm http cache array.prototype.flatmap@https://repo.atservers.cloud/repository/public-npm/array.prototype.flatmap/-/array.prototype.flatmap-1.3.3.tgz 0ms (cache hit)
npm http cache argparse@https://repo.atservers.cloud/repository/public-npm/argparse/-/argparse-2.0.1.tgz 0ms (cache hit)
npm http cache ajv@https://repo.atservers.cloud/repository/public-npm/ajv/-/ajv-6.15.0.tgz 0ms (cache hit)
npm http cache @typescript-eslint/visitor-keys@https://repo.atservers.cloud/repository/public-npm/@typescript-eslint/visitor-keys/-/visitor-keys-8.59.1.tgz 0ms (cache hit)
npm http cache @unrs/resolver-binding-darwin-arm64@https://repo.atservers.cloud/repository/public-npm/@unrs/resolver-binding-darwin-arm64/-/resolver-binding-darwin-arm64-1.11.1.tgz 0ms (cache hit)
npm http cache acorn@https://repo.atservers.cloud/repository/public-npm/acorn/-/acorn-8.16.0.tgz 0ms (cache hit)
npm http cache @typescript-eslint/utils@https://repo.atservers.cloud/repository/public-npm/@typescript-eslint/utils/-/utils-8.59.1.tgz 0ms (cache hit)
npm http cache @typescript-eslint/types@https://repo.atservers.cloud/repository/public-npm/@typescript-eslint/types/-/types-8.59.1.tgz 0ms (cache hit)
npm http cache @vercel/oidc@https://repo.atservers.cloud/repository/public-npm/@vercel/oidc/-/oidc-3.2.0.tgz 0ms (cache hit)
npm http cache array-includes@https://repo.atservers.cloud/repository/public-npm/array-includes/-/array-includes-3.1.9.tgz 0ms (cache hit)
npm http cache @typescript-eslint/tsconfig-utils@https://repo.atservers.cloud/repository/public-npm/@typescript-eslint/tsconfig-utils/-/tsconfig-utils-8.59.1.tgz 0ms (cache hit)
npm http cache @typescript-eslint/typescript-estree@https://repo.atservers.cloud/repository/public-npm/@typescript-eslint/typescript-estree/-/typescript-estree-8.59.1.tgz 0ms (cache hit)
npm http cache @typescript-eslint/parser@https://repo.atservers.cloud/repository/public-npm/@typescript-eslint/parser/-/parser-8.59.1.tgz 0ms (cache hit)
npm http cache @typescript-eslint/type-utils@https://repo.atservers.cloud/repository/public-npm/@typescript-eslint/type-utils/-/type-utils-8.59.1.tgz 0ms (cache hit)
npm http cache @typescript-eslint/project-service@https://repo.atservers.cloud/repository/public-npm/@typescript-eslint/project-service/-/project-service-8.59.1.tgz 0ms (cache hit)
npm http cache @typescript-eslint/eslint-plugin@https://repo.atservers.cloud/repository/public-npm/@typescript-eslint/eslint-plugin/-/eslint-plugin-8.59.1.tgz 0ms (cache hit)
npm http cache @typescript-eslint/scope-manager@https://repo.atservers.cloud/repository/public-npm/@typescript-eslint/scope-manager/-/scope-manager-8.59.1.tgz 0ms (cache hit)
npm http cache @types/react-dom@https://repo.atservers.cloud/repository/public-npm/@types/react-dom/-/react-dom-19.2.3.tgz 0ms (cache hit)
npm http cache @types/json5@https://repo.atservers.cloud/repository/public-npm/@types/json5/-/json5-0.0.29.tgz 0ms (cache hit)
npm http cache @types/pg@https://repo.atservers.cloud/repository/public-npm/@types/pg/-/pg-8.20.0.tgz 0ms (cache hit)
npm http cache @types/node@https://repo.atservers.cloud/repository/public-npm/@types/node/-/node-20.19.39.tgz 0ms (cache hit)
npm http cache @tybys/wasm-util@https://repo.atservers.cloud/repository/public-npm/@tybys/wasm-util/-/wasm-util-0.10.1.tgz 0ms (cache hit)
npm http cache @tailwindcss/oxide-darwin-arm64@https://repo.atservers.cloud/repository/public-npm/@tailwindcss/oxide-darwin-arm64/-/oxide-darwin-arm64-4.2.4.tgz 0ms (cache hit)
npm http cache @types/json-schema@https://repo.atservers.cloud/repository/public-npm/@types/json-schema/-/json-schema-7.0.15.tgz 0ms (cache hit)
npm http cache @types/estree@https://repo.atservers.cloud/repository/public-npm/@types/estree/-/estree-1.0.8.tgz 0ms (cache hit)
npm http cache @tailwindcss/node@https://repo.atservers.cloud/repository/public-npm/@tailwindcss/node/-/node-4.2.4.tgz 0ms (cache hit)
npm http cache @tailwindcss/postcss@https://repo.atservers.cloud/repository/public-npm/@tailwindcss/postcss/-/postcss-4.2.4.tgz 0ms (cache hit)
npm http cache @types/react@https://repo.atservers.cloud/repository/public-npm/@types/react/-/react-19.2.14.tgz 0ms (cache hit)
npm http cache @tailwindcss/oxide@https://repo.atservers.cloud/repository/public-npm/@tailwindcss/oxide/-/oxide-4.2.4.tgz 0ms (cache hit)
npm http cache @swc/helpers@https://repo.atservers.cloud/repository/public-npm/@swc/helpers/-/helpers-0.5.15.tgz 0ms (cache hit)
npm http cache @rtsao/scc@https://repo.atservers.cloud/repository/public-npm/@rtsao/scc/-/scc-1.1.0.tgz 0ms (cache hit)
npm http cache @standard-schema/spec@https://repo.atservers.cloud/repository/public-npm/@standard-schema/spec/-/spec-1.1.0.tgz 0ms (cache hit)
npm http cache @radix-ui/react-use-layout-effect@https://repo.atservers.cloud/repository/public-npm/@radix-ui/react-use-layout-effect/-/react-use-layout-effect-1.1.1.tgz 0ms (cache hit)
npm http cache @radix-ui/react-use-effect-event@https://repo.atservers.cloud/repository/public-npm/@radix-ui/react-use-effect-event/-/react-use-effect-event-0.0.2.tgz 0ms (cache hit)
npm http cache @radix-ui/react-slot@https://repo.atservers.cloud/repository/public-npm/@radix-ui/react-slot/-/react-slot-1.2.3.tgz 0ms (cache hit)
npm http cache @radix-ui/react-use-controllable-state@https://repo.atservers.cloud/repository/public-npm/@radix-ui/react-use-controllable-state/-/react-use-controllable-state-1.2.2.tgz 0ms (cache hit)
npm http cache @radix-ui/react-toggle@https://repo.atservers.cloud/repository/public-npm/@radix-ui/react-toggle/-/react-toggle-1.1.10.tgz 0ms (cache hit)
npm http cache @radix-ui/react-primitive@https://repo.atservers.cloud/repository/public-npm/@radix-ui/react-primitive/-/react-primitive-2.1.3.tgz 0ms (cache hit)
npm http cache @prisma/fetch-engine@https://repo.atservers.cloud/repository/public-npm/@prisma/fetch-engine/-/fetch-engine-7.8.0.tgz 0ms (cache hit)
npm http cache @radix-ui/react-compose-refs@https://repo.atservers.cloud/repository/public-npm/@radix-ui/react-compose-refs/-/react-compose-refs-1.1.2.tgz 0ms (cache hit)
npm http cache @prisma/streams-local@https://repo.atservers.cloud/repository/public-npm/@prisma/streams-local/-/streams-local-0.1.2.tgz 0ms (cache hit)
npm http cache @radix-ui/primitive@https://repo.atservers.cloud/repository/public-npm/@radix-ui/primitive/-/primitive-1.1.3.tgz 0ms (cache hit)
npm http cache @prisma/get-platform@https://repo.atservers.cloud/repository/public-npm/@prisma/get-platform/-/get-platform-7.2.0.tgz 0ms (cache hit)
npm http cache @prisma/engines-version@https://repo.atservers.cloud/repository/public-npm/@prisma/engines-version/-/engines-version-7.8.0-6.3c6e192761c0362d496ed980de936e2f3cebcd3a.tgz 0ms (cache hit)
npm http cache @prisma/studio-core@https://repo.atservers.cloud/repository/public-npm/@prisma/studio-core/-/studio-core-0.27.3.tgz 0ms (cache hit)
npm http cache @prisma/query-plan-executor@https://repo.atservers.cloud/repository/public-npm/@prisma/query-plan-executor/-/query-plan-executor-7.2.0.tgz 0ms (cache hit)
npm http cache @prisma/driver-adapter-utils@https://repo.atservers.cloud/repository/public-npm/@prisma/driver-adapter-utils/-/driver-adapter-utils-7.8.0.tgz 0ms (cache hit)
npm http cache @prisma/dev@https://repo.atservers.cloud/repository/public-npm/@prisma/dev/-/dev-0.24.3.tgz 0ms (cache hit)
npm http cache @prisma/client-runtime-utils@https://repo.atservers.cloud/repository/public-npm/@prisma/client-runtime-utils/-/client-runtime-utils-7.8.0.tgz 0ms (cache hit)
npm http cache @prisma/config@https://repo.atservers.cloud/repository/public-npm/@prisma/config/-/config-7.8.0.tgz 0ms (cache hit)
npm http cache @prisma/debug@https://repo.atservers.cloud/repository/public-npm/@prisma/debug/-/debug-7.8.0.tgz 0ms (cache hit)
npm http cache @prisma/engines@https://repo.atservers.cloud/repository/public-npm/@prisma/engines/-/engines-7.8.0.tgz 0ms (cache hit)
npm http cache @prisma/client@https://repo.atservers.cloud/repository/public-npm/@prisma/client/-/client-7.8.0.tgz 0ms (cache hit)
npm http cache @opentelemetry/api@https://repo.atservers.cloud/repository/public-npm/@opentelemetry/api/-/api-1.9.0.tgz 0ms (cache hit)
npm http cache @prisma/adapter-pg@https://repo.atservers.cloud/repository/public-npm/@prisma/adapter-pg/-/adapter-pg-7.8.0.tgz 0ms (cache hit)
npm http cache @nodelib/fs.stat@https://repo.atservers.cloud/repository/public-npm/@nodelib/fs.stat/-/fs.stat-2.0.5.tgz 0ms (cache hit)
npm http cache @nodelib/fs.walk@https://repo.atservers.cloud/repository/public-npm/@nodelib/fs.walk/-/fs.walk-1.2.8.tgz 0ms (cache hit)
npm http cache @next/eslint-plugin-next@https://repo.atservers.cloud/repository/public-npm/@next/eslint-plugin-next/-/eslint-plugin-next-16.2.4.tgz 0ms (cache hit)
npm http cache @nolyfill/is-core-module@https://repo.atservers.cloud/repository/public-npm/@nolyfill/is-core-module/-/is-core-module-1.0.39.tgz 0ms (cache hit)
npm http cache @next/env@https://repo.atservers.cloud/repository/public-npm/@next/env/-/env-16.2.4.tgz 0ms (cache hit)
npm http cache @nodelib/fs.scandir@https://repo.atservers.cloud/repository/public-npm/@nodelib/fs.scandir/-/fs.scandir-2.1.5.tgz 0ms (cache hit)
npm http cache @jridgewell/sourcemap-codec@https://repo.atservers.cloud/repository/public-npm/@jridgewell/sourcemap-codec/-/sourcemap-codec-1.5.5.tgz 0ms (cache hit)
npm http cache @jridgewell/resolve-uri@https://repo.atservers.cloud/repository/public-npm/@jridgewell/resolve-uri/-/resolve-uri-3.1.2.tgz 0ms (cache hit)
npm http cache @napi-rs/wasm-runtime@https://repo.atservers.cloud/repository/public-npm/@napi-rs/wasm-runtime/-/wasm-runtime-0.2.12.tgz 0ms (cache hit)
npm http cache @jridgewell/remapping@https://repo.atservers.cloud/repository/public-npm/@jridgewell/remapping/-/remapping-2.3.5.tgz 0ms (cache hit)
npm http cache @kurkle/color@https://repo.atservers.cloud/repository/public-npm/@kurkle/color/-/color-0.3.4.tgz 0ms (cache hit)
npm http cache @img/sharp-libvips-darwin-arm64@https://repo.atservers.cloud/repository/public-npm/@img/sharp-libvips-darwin-arm64/-/sharp-libvips-darwin-arm64-1.2.4.tgz 0ms (cache hit)
npm http cache @jridgewell/trace-mapping@https://repo.atservers.cloud/repository/public-npm/@jridgewell/trace-mapping/-/trace-mapping-0.3.31.tgz 0ms (cache hit)
npm http cache @humanwhocodes/retry@https://repo.atservers.cloud/repository/public-npm/@humanwhocodes/retry/-/retry-0.4.3.tgz 0ms (cache hit)
npm http cache @img/colour@https://repo.atservers.cloud/repository/public-npm/@img/colour/-/colour-1.1.0.tgz 0ms (cache hit)
npm http cache @next/swc-darwin-arm64@https://repo.atservers.cloud/repository/public-npm/@next/swc-darwin-arm64/-/swc-darwin-arm64-16.2.4.tgz 0ms (cache hit)
npm http cache @jridgewell/gen-mapping@https://repo.atservers.cloud/repository/public-npm/@jridgewell/gen-mapping/-/gen-mapping-0.3.13.tgz 0ms (cache hit)
npm http cache @humanwhocodes/module-importer@https://repo.atservers.cloud/repository/public-npm/@humanwhocodes/module-importer/-/module-importer-1.0.1.tgz 0ms (cache hit)
npm http cache @humanfs/types@https://repo.atservers.cloud/repository/public-npm/@humanfs/types/-/types-0.15.0.tgz 0ms (cache hit)
npm http cache @humanfs/node@https://repo.atservers.cloud/repository/public-npm/@humanfs/node/-/node-0.16.8.tgz 0ms (cache hit)
npm http cache @eslint/plugin-kit@https://repo.atservers.cloud/repository/public-npm/@eslint/plugin-kit/-/plugin-kit-0.4.1.tgz 0ms (cache hit)
npm http cache @humanfs/core@https://repo.atservers.cloud/repository/public-npm/@humanfs/core/-/core-0.19.2.tgz 0ms (cache hit)
npm http cache @eslint/object-schema@https://repo.atservers.cloud/repository/public-npm/@eslint/object-schema/-/object-schema-2.1.7.tgz 0ms (cache hit)
npm http cache @img/sharp-darwin-arm64@https://repo.atservers.cloud/repository/public-npm/@img/sharp-darwin-arm64/-/sharp-darwin-arm64-0.34.5.tgz 0ms (cache hit)
npm http cache @hono/node-server@https://repo.atservers.cloud/repository/public-npm/@hono/node-server/-/node-server-1.19.11.tgz 0ms (cache hit)
npm http cache @eslint/eslintrc@https://repo.atservers.cloud/repository/public-npm/@eslint/eslintrc/-/eslintrc-3.3.5.tgz 0ms (cache hit)
npm http cache @eslint/js@https://repo.atservers.cloud/repository/public-npm/@eslint/js/-/js-9.39.4.tgz 0ms (cache hit)
npm http cache @eslint/config-array@https://repo.atservers.cloud/repository/public-npm/@eslint/config-array/-/config-array-0.21.2.tgz 0ms (cache hit)
npm http cache @eslint-community/regexpp@https://repo.atservers.cloud/repository/public-npm/@eslint-community/regexpp/-/regexpp-4.12.2.tgz 0ms (cache hit)
npm http cache @eslint/core@https://repo.atservers.cloud/repository/public-npm/@eslint/core/-/core-0.17.0.tgz 0ms (cache hit)
npm http cache @esbuild/darwin-arm64@https://repo.atservers.cloud/repository/public-npm/@esbuild/darwin-arm64/-/darwin-arm64-0.27.7.tgz 0ms (cache hit)
npm http cache @emnapi/core@https://repo.atservers.cloud/repository/public-npm/@emnapi/core/-/core-1.10.0.tgz 0ms (cache hit)
npm http cache @emnapi/wasi-threads@https://repo.atservers.cloud/repository/public-npm/@emnapi/wasi-threads/-/wasi-threads-1.2.1.tgz 0ms (cache hit)
npm http cache @eslint/config-helpers@https://repo.atservers.cloud/repository/public-npm/@eslint/config-helpers/-/config-helpers-0.4.2.tgz 0ms (cache hit)
npm http cache @eslint-community/eslint-utils@https://repo.atservers.cloud/repository/public-npm/@eslint-community/eslint-utils/-/eslint-utils-4.9.1.tgz 0ms (cache hit)
npm http cache @electric-sql/pglite-tools@https://repo.atservers.cloud/repository/public-npm/@electric-sql/pglite-tools/-/pglite-tools-0.3.1.tgz 0ms (cache hit)
npm http cache @emnapi/runtime@https://repo.atservers.cloud/repository/public-npm/@emnapi/runtime/-/runtime-1.10.0.tgz 0ms (cache hit)
npm http cache @electric-sql/pglite-socket@https://repo.atservers.cloud/repository/public-npm/@electric-sql/pglite-socket/-/pglite-socket-0.1.1.tgz 0ms (cache hit)
npm http cache @babel/types@https://repo.atservers.cloud/repository/public-npm/@babel/types/-/types-7.29.0.tgz 0ms (cache hit)
npm http cache @babel/template@https://repo.atservers.cloud/repository/public-npm/@babel/template/-/template-7.28.6.tgz 0ms (cache hit)
npm http cache @electric-sql/pglite@https://repo.atservers.cloud/repository/public-npm/@electric-sql/pglite/-/pglite-0.4.1.tgz 0ms (cache hit)
npm http cache @babel/helper-validator-option@https://repo.atservers.cloud/repository/public-npm/@babel/helper-validator-option/-/helper-validator-option-7.27.1.tgz 0ms (cache hit)
npm http cache @babel/traverse@https://repo.atservers.cloud/repository/public-npm/@babel/traverse/-/traverse-7.29.0.tgz 0ms (cache hit)
npm http cache @babel/helper-string-parser@https://repo.atservers.cloud/repository/public-npm/@babel/helper-string-parser/-/helper-string-parser-7.27.1.tgz 0ms (cache hit)
npm http cache @babel/parser@https://repo.atservers.cloud/repository/public-npm/@babel/parser/-/parser-7.29.2.tgz 0ms (cache hit)
npm http cache @babel/helper-module-imports@https://repo.atservers.cloud/repository/public-npm/@babel/helper-module-imports/-/helper-module-imports-7.28.6.tgz 0ms (cache hit)
npm http cache @babel/helper-validator-identifier@https://repo.atservers.cloud/repository/public-npm/@babel/helper-validator-identifier/-/helper-validator-identifier-7.28.5.tgz 0ms (cache hit)
npm http cache @babel/helper-module-transforms@https://repo.atservers.cloud/repository/public-npm/@babel/helper-module-transforms/-/helper-module-transforms-7.28.6.tgz 0ms (cache hit)
npm http cache @babel/generator@https://repo.atservers.cloud/repository/public-npm/@babel/generator/-/generator-7.29.1.tgz 0ms (cache hit)
npm http cache @babel/helper-compilation-targets@https://repo.atservers.cloud/repository/public-npm/@babel/helper-compilation-targets/-/helper-compilation-targets-7.28.6.tgz 0ms (cache hit)
npm http cache @babel/helper-globals@https://repo.atservers.cloud/repository/public-npm/@babel/helper-globals/-/helper-globals-7.28.0.tgz 0ms (cache hit)
npm http cache @babel/helpers@https://repo.atservers.cloud/repository/public-npm/@babel/helpers/-/helpers-7.29.2.tgz 0ms (cache hit)
npm http cache @babel/compat-data@https://repo.atservers.cloud/repository/public-npm/@babel/compat-data/-/compat-data-7.29.0.tgz 0ms (cache hit)
npm http cache @babel/core@https://repo.atservers.cloud/repository/public-npm/@babel/core/-/core-7.29.0.tgz 0ms (cache hit)
npm http cache @babel/code-frame@https://repo.atservers.cloud/repository/public-npm/@babel/code-frame/-/code-frame-7.29.0.tgz 0ms (cache hit)
npm http cache @alloc/quick-lru@https://repo.atservers.cloud/repository/public-npm/@alloc/quick-lru/-/quick-lru-5.2.0.tgz 0ms (cache hit)
npm http cache @ai-sdk/google@https://repo.atservers.cloud/repository/public-npm/@ai-sdk/google/-/google-3.0.68.tgz 0ms (cache hit)
npm http cache picomatch@https://repo.atservers.cloud/repository/public-npm/picomatch/-/picomatch-4.0.4.tgz 0ms (cache hit)
npm http cache @ai-sdk/provider@https://repo.atservers.cloud/repository/public-npm/@ai-sdk/provider/-/provider-3.0.10.tgz 0ms (cache hit)
npm http cache @ai-sdk/gateway@https://repo.atservers.cloud/repository/public-npm/@ai-sdk/gateway/-/gateway-3.0.110.tgz 0ms (cache hit)
npm http cache @ai-sdk/provider-utils@https://repo.atservers.cloud/repository/public-npm/@ai-sdk/provider-utils/-/provider-utils-4.0.26.tgz 0ms (cache hit)
npm http cache postgres-array@https://repo.atservers.cloud/repository/public-npm/postgres-array/-/postgres-array-2.0.0.tgz 0ms (cache hit)
npm http cache fdir@https://repo.atservers.cloud/repository/public-npm/fdir/-/fdir-6.5.0.tgz 0ms (cache hit)
npm http cache strip-json-comments@https://repo.atservers.cloud/repository/public-npm/strip-json-comments/-/strip-json-comments-2.0.1.tgz 0ms (cache hit)
npm http cache semver@https://repo.atservers.cloud/repository/public-npm/semver/-/semver-7.7.4.tgz 0ms (cache hit)
npm http cache signal-exit@https://repo.atservers.cloud/repository/public-npm/signal-exit/-/signal-exit-3.0.7.tgz 0ms (cache hit)
npm http cache postcss@https://repo.atservers.cloud/repository/public-npm/postcss/-/postcss-8.4.31.tgz 0ms (cache hit)
npm http cache json5@https://repo.atservers.cloud/repository/public-npm/json5/-/json5-1.0.2.tgz 0ms (cache hit)
npm http cache semver@https://repo.atservers.cloud/repository/public-npm/semver/-/semver-7.7.4.tgz 0ms (cache hit)
npm http cache glob-parent@https://repo.atservers.cloud/repository/public-npm/glob-parent/-/glob-parent-5.1.2.tgz 0ms (cache hit)
npm http cache semver@https://repo.atservers.cloud/repository/public-npm/semver/-/semver-7.7.4.tgz 0ms (cache hit)
npm http cache eslint-visitor-keys@https://repo.atservers.cloud/repository/public-npm/eslint-visitor-keys/-/eslint-visitor-keys-5.0.1.tgz 0ms (cache hit)
npm http cache debug@https://repo.atservers.cloud/repository/public-npm/debug/-/debug-3.2.7.tgz 0ms (cache hit)
npm http cache debug@https://repo.atservers.cloud/repository/public-npm/debug/-/debug-3.2.7.tgz 0ms (cache hit)
npm http cache semver@https://repo.atservers.cloud/repository/public-npm/semver/-/semver-7.7.4.tgz 0ms (cache hit)
npm http cache minimatch@https://repo.atservers.cloud/repository/public-npm/minimatch/-/minimatch-10.2.5.tgz 0ms (cache hit)
npm http cache debug@https://repo.atservers.cloud/repository/public-npm/debug/-/debug-3.2.7.tgz 0ms (cache hit)
npm http cache ignore@https://repo.atservers.cloud/repository/public-npm/ignore/-/ignore-7.0.5.tgz 0ms (cache hit)
npm http cache brace-expansion@https://repo.atservers.cloud/repository/public-npm/brace-expansion/-/brace-expansion-5.0.5.tgz 0ms (cache hit)
npm http cache balanced-match@https://repo.atservers.cloud/repository/public-npm/balanced-match/-/balanced-match-4.0.4.tgz 0ms (cache hit)
npm http cache @prisma/debug@https://repo.atservers.cloud/repository/public-npm/@prisma/debug/-/debug-7.2.0.tgz 0ms (cache hit)
npm http cache globals@https://repo.atservers.cloud/repository/public-npm/globals/-/globals-16.4.0.tgz 0ms (cache hit)
npm http cache ajv@https://repo.atservers.cloud/repository/public-npm/ajv/-/ajv-8.20.0.tgz 0ms (cache hit)
npm http cache json-schema-traverse@https://repo.atservers.cloud/repository/public-npm/json-schema-traverse/-/json-schema-traverse-1.0.0.tgz 0ms (cache hit)
npm http cache @prisma/get-platform@https://repo.atservers.cloud/repository/public-npm/@prisma/get-platform/-/get-platform-7.8.0.tgz 0ms (cache hit)
npm http cache @prisma/get-platform@https://repo.atservers.cloud/repository/public-npm/@prisma/get-platform/-/get-platform-7.8.0.tgz 0ms (cache hit)
npm http cache eslint-visitor-keys@https://repo.atservers.cloud/repository/public-npm/eslint-visitor-keys/-/eslint-visitor-keys-3.4.3.tgz 0ms (cache hit)
npm warn deprecated prebuild-install@7.1.3: No longer maintained. Please contact the author of the relevant native addon; alternatives are available.
npm info run prisma@7.8.0 preinstall node_modules/prisma node scripts/preinstall-entry.js
npm info run prisma@7.8.0 preinstall { code: 0, signal: null }
npm info run better-sqlite3@12.9.0 install node_modules/better-sqlite3 prebuild-install || node-gyp rebuild --release
npm info run sharp@0.34.5 install node_modules/sharp node install/check.js || npm run build
npm info run better-sqlite3@12.9.0 install { code: 0, signal: null }
npm info run sharp@0.34.5 install { code: 0, signal: null }
npm info run @prisma/engines@7.8.0 postinstall node_modules/@prisma/engines node scripts/postinstall.js
npm info run esbuild@0.27.7 postinstall node_modules/esbuild node install.js
npm info run unrs-resolver@1.11.1 postinstall node_modules/unrs-resolver napi-postinstall unrs-resolver 1.11.1 check
npm info run unrs-resolver@1.11.1 postinstall { code: 0, signal: null }
npm info run @prisma/engines@7.8.0 postinstall { code: 0, signal: null }
npm info run esbuild@0.27.7 postinstall { code: 0, signal: null }
npm http fetch POST 400 https://repo.atservers.cloud/repository/public-npm/-/npm/v1/security/advisories/bulk 24076ms
npm http fetch POST 400 https://repo.atservers.cloud/repository/public-npm/-/npm/v1/security/audits/quick 145ms
npm verbose audit error HttpErrorGeneral: 400 Bad Request - POST https://repo.atservers.cloud/repository/public-npm/-/npm/v1/security/audits/quick
npm verbose audit error     at /Users/danielperezluna/.nvm/versions/node/v22.19.0/lib/node_modules/npm/node_modules/npm-registry-fetch/lib/check-response.js:103:15
npm verbose audit error     at process.processTicksAndRejections (node:internal/process/task_queues:105:5)
npm verbose audit error     at async [getReport] (/Users/danielperezluna/.nvm/versions/node/v22.19.0/lib/node_modules/npm/node_modules/@npmcli/arborist/lib/audit-report.js:336:21)
npm verbose audit error     at async AuditReport.run (/Users/danielperezluna/.nvm/versions/node/v22.19.0/lib/node_modules/npm/node_modules/@npmcli/arborist/lib/audit-report.js:106:19)
npm verbose audit error     at async Arborist.reify (/Users/danielperezluna/.nvm/versions/node/v22.19.0/lib/node_modules/npm/node_modules/@npmcli/arborist/lib/arborist/reify.js:268:24)
npm verbose audit error     at async CI.exec (/Users/danielperezluna/.nvm/versions/node/v22.19.0/lib/node_modules/npm/lib/commands/ci.js:100:5)
npm verbose audit error     at async Npm.exec (/Users/danielperezluna/.nvm/versions/node/v22.19.0/lib/node_modules/npm/lib/npm.js:207:9)
npm verbose audit error     at async module.exports (/Users/danielperezluna/.nvm/versions/node/v22.19.0/lib/node_modules/npm/lib/cli/entry.js:74:5) {
npm verbose audit error   headers: [Object: null prototype] {
npm verbose audit error     server: [ 'nginx/1.24.0 (Ubuntu)' ],
npm verbose audit error     date: [ 'Mon, 11 May 2026 09:00:33 GMT' ],
npm verbose audit error     'content-type': [ 'application/json' ],
npm verbose audit error     'content-length': [ '228' ],
npm verbose audit error     connection: [ 'keep-alive' ],
npm verbose audit error     'keep-alive': [ 'timeout=5' ],
npm verbose audit error     'x-content-type-options': [ 'nosniff' ],
npm verbose audit error     'content-security-policy': [
npm verbose audit error       'sandbox allow-forms allow-modals allow-popups allow-presentation allow-scripts allow-top-navigation'
npm verbose audit error     ],
npm verbose audit error     'strict-transport-security': [ 'max-age=31536000; includeSubDomains;' ],
npm verbose audit error     'x-xss-protection': [ '0' ],
npm verbose audit error     'x-fetch-attempts': [ '1' ]
npm verbose audit error   },
npm verbose audit error   statusCode: 400,
npm verbose audit error   code: 'E400',
npm verbose audit error   method: 'POST',
npm verbose audit error   uri: 'https://repo.atservers.cloud/repository/public-npm/-/npm/v1/security/audits/quick',
npm verbose audit error   body: <Buffer 0a 3d 3d 3d 3d 3d 3d 3d 3d 3d 3d 3d 3d 3d 3d 3d 3d 3d 3d 3d 3d 3d 3d 3d 3d 3d 3d 3d 3d 3d 3d 3d 3d 3d 3d 3d 3d 3d 3d 3d 3d 3d 3d 3d 3d 3d 3d 3d 3d 3d ... 178 more bytes>,
npm verbose audit error   pkgid: 'quick'
npm verbose audit error }

added 511 packages in 25s

165 packages are looking for funding
  run `npm fund` for details
npm verbose cwd /Users/danielperezluna/projects/personal/tennis-league
npm verbose os Darwin 25.3.0
npm verbose node v22.19.0
npm verbose npm  v10.9.3
npm verbose exit 0
npm info ok
